<?xml version="1.0" encoding="UTF-8"?>
<testng-results ignored="1" total="104" passed="103" failed="0" skipped="0">
  <reporter-output>
  </reporter-output>
  <suite started-at="2022-07-26T13:38:25Z" name="Sentieo tests" finished-at="2022-07-26T13:41:55Z" duration-ms="209488">
    <groups>
      <group name="sanity123">
        <method signature="DocSearchRestApi.fetch_landing_page_data()[pri:0, instance:com.sentieo.docsearch.DocSearchRestApi@4e096385]" name="fetch_landing_page_data" class="com.sentieo.docsearch.DocSearchRestApi"/>
      </group> <!-- sanity123 -->
      <group name="feed">
        <method signature="DocSearchRestApi.fetch_search_filters()[pri:0, instance:com.sentieo.docsearch.DocSearchRestApi@4e096385]" name="fetch_search_filters" class="com.sentieo.docsearch.DocSearchRestApi"/>
      </group> <!-- feed -->
      <group name="mobileMainApp">
        <method signature="DocSearchRestApi.fetch_docs_meta_data()[pri:0, instance:com.sentieo.docsearch.DocSearchRestApi@4e096385]" name="fetch_docs_meta_data" class="com.sentieo.docsearch.DocSearchRestApi"/>
        <method signature="DocSearchRestApi.fetch_impact_score()[pri:0, instance:com.sentieo.docsearch.DocSearchRestApi@4e096385]" name="fetch_impact_score" class="com.sentieo.docsearch.DocSearchRestApi"/>
        <method signature="DocSearchRestApi.fetch_sections()[pri:0, instance:com.sentieo.docsearch.DocSearchRestApi@4e096385]" name="fetch_sections" class="com.sentieo.docsearch.DocSearchRestApi"/>
        <method signature="DocSearchRestApi.fetch_snippets()[pri:0, instance:com.sentieo.docsearch.DocSearchRestApi@4e096385]" name="fetch_snippets" class="com.sentieo.docsearch.DocSearchRestApi"/>
        <method signature="DocSearchRestApi.fetch_transform_doc_content()[pri:0, instance:com.sentieo.docsearch.DocSearchRestApi@4e096385]" name="fetch_transform_doc_content" class="com.sentieo.docsearch.DocSearchRestApi"/>
        <method signature="DocSearchRestApi.get_docnote_pdf()[pri:0, instance:com.sentieo.docsearch.DocSearchRestApi@4e096385]" name="get_docnote_pdf" class="com.sentieo.docsearch.DocSearchRestApi"/>
        <method signature="DocSearchRestApi.index_user_viewed_doc()[pri:0, instance:com.sentieo.docsearch.DocSearchRestApi@4e096385]" name="index_user_viewed_doc" class="com.sentieo.docsearch.DocSearchRestApi"/>
        <method signature="DocSearchRestApi.query_suggest_autocomplete(java.lang.String, java.lang.String)[pri:0, instance:com.sentieo.docsearch.DocSearchRestApi@4e096385]" name="query_suggest_autocomplete" class="com.sentieo.docsearch.DocSearchRestApi"/>
        <method signature="DocumentSearch.test_doctype_query(java.lang.String, java.lang.String, java.lang.String)[pri:0, instance:com.sentieo.docsearch.DocumentSearch@649bec2e]" name="test_doctype_query" class="com.sentieo.docsearch.DocumentSearch"/>
      </group> <!-- mobileMainApp -->
      <group name="sanity">
        <method signature="DocSearchRestApi.add_broker_request_for_user()[pri:0, instance:com.sentieo.docsearch.DocSearchRestApi@4e096385]" name="add_broker_request_for_user" class="com.sentieo.docsearch.DocSearchRestApi"/>
        <method signature="DocSearchRestApi.fetch_all_research_brokers()[pri:0, instance:com.sentieo.docsearch.DocSearchRestApi@4e096385]" name="fetch_all_research_brokers" class="com.sentieo.docsearch.DocSearchRestApi"/>
        <method signature="DocSearchRestApi.fetch_broker_manager_data()[pri:0, instance:com.sentieo.docsearch.DocSearchRestApi@4e096385]" name="fetch_broker_manager_data" class="com.sentieo.docsearch.DocSearchRestApi"/>
        <method signature="DocSearchRestApi.fetch_custom_doc_diff()[pri:0, instance:com.sentieo.docsearch.DocSearchRestApi@4e096385]" name="fetch_custom_doc_diff" class="com.sentieo.docsearch.DocSearchRestApi"/>
        <method signature="DocSearchRestApi.fetch_docs_meta_data()[pri:0, instance:com.sentieo.docsearch.DocSearchRestApi@4e096385]" name="fetch_docs_meta_data" class="com.sentieo.docsearch.DocSearchRestApi"/>
        <method signature="DocSearchRestApi.fetch_document_note_info()[pri:0, instance:com.sentieo.docsearch.DocSearchRestApi@4e096385]" name="fetch_document_note_info" class="com.sentieo.docsearch.DocSearchRestApi"/>
        <method signature="DocSearchRestApi.fetch_exhibits()[pri:0, instance:com.sentieo.docsearch.DocSearchRestApi@4e096385]" name="fetch_exhibits" class="com.sentieo.docsearch.DocSearchRestApi"/>
        <method signature="DocSearchRestApi.fetch_file_content()[pri:0, instance:com.sentieo.docsearch.DocSearchRestApi@4e096385]" name="fetch_file_content" class="com.sentieo.docsearch.DocSearchRestApi"/>
        <method signature="DocSearchRestApi.fetch_files_meta_data()[pri:0, instance:com.sentieo.docsearch.DocSearchRestApi@4e096385]" name="fetch_files_meta_data" class="com.sentieo.docsearch.DocSearchRestApi"/>
        <method signature="DocSearchRestApi.fetch_impact_score()[pri:0, instance:com.sentieo.docsearch.DocSearchRestApi@4e096385]" name="fetch_impact_score" class="com.sentieo.docsearch.DocSearchRestApi"/>
        <method signature="DocSearchRestApi.fetch_my_broker_requests()[pri:1, instance:com.sentieo.docsearch.DocSearchRestApi@4e096385]" name="fetch_my_broker_requests" class="com.sentieo.docsearch.DocSearchRestApi"/>
        <method signature="DocSearchRestApi.fetch_my_broker_requests1()[pri:3, instance:com.sentieo.docsearch.DocSearchRestApi@4e096385]" name="fetch_my_broker_requests1" class="com.sentieo.docsearch.DocSearchRestApi"/>
        <method signature="DocSearchRestApi.fetch_note_doc()[pri:0, instance:com.sentieo.docsearch.DocSearchRestApi@4e096385]" name="fetch_note_doc" class="com.sentieo.docsearch.DocSearchRestApi"/>
        <method signature="DocSearchRestApi.fetch_note_search(java.lang.String, java.lang.String, java.lang.String)[pri:0, instance:com.sentieo.docsearch.DocSearchRestApi@4e096385]" name="fetch_note_search" class="com.sentieo.docsearch.DocSearchRestApi"/>
        <method signature="DocSearchRestApi.fetch_pagelink()[pri:0, instance:com.sentieo.docsearch.DocSearchRestApi@4e096385]" name="fetch_pagelink" class="com.sentieo.docsearch.DocSearchRestApi"/>
        <method signature="DocSearchRestApi.fetch_pdf_flag()[pri:0, instance:com.sentieo.docsearch.DocSearchRestApi@4e096385]" name="fetch_pdf_flag" class="com.sentieo.docsearch.DocSearchRestApi"/>
        <method signature="DocSearchRestApi.fetch_search_settings()[pri:0, instance:com.sentieo.docsearch.DocSearchRestApi@4e096385]" name="fetch_search_settings" class="com.sentieo.docsearch.DocSearchRestApi"/>
        <method signature="DocSearchRestApi.fetch_search_term_count(java.lang.String, java.lang.String, java.lang.String)[pri:0, instance:com.sentieo.docsearch.DocSearchRestApi@4e096385]" name="fetch_search_term_count" class="com.sentieo.docsearch.DocSearchRestApi"/>
        <method signature="DocSearchRestApi.fetch_sections()[pri:0, instance:com.sentieo.docsearch.DocSearchRestApi@4e096385]" name="fetch_sections" class="com.sentieo.docsearch.DocSearchRestApi"/>
        <method signature="DocSearchRestApi.fetch_snippets()[pri:0, instance:com.sentieo.docsearch.DocSearchRestApi@4e096385]" name="fetch_snippets" class="com.sentieo.docsearch.DocSearchRestApi"/>
        <method signature="DocSearchRestApi.fetch_transform_doc_content()[pri:0, instance:com.sentieo.docsearch.DocSearchRestApi@4e096385]" name="fetch_transform_doc_content" class="com.sentieo.docsearch.DocSearchRestApi"/>
        <method signature="DocSearchRestApi.fetch_transform_note_content(java.lang.String, java.lang.String)[pri:0, instance:com.sentieo.docsearch.DocSearchRestApi@4e096385]" name="fetch_transform_note_content" class="com.sentieo.docsearch.DocSearchRestApi"/>
        <method signature="DocSearchRestApi.fetch_user_entitled_brokers()[pri:0, instance:com.sentieo.docsearch.DocSearchRestApi@4e096385]" name="fetch_user_entitled_brokers" class="com.sentieo.docsearch.DocSearchRestApi"/>
        <method signature="DocSearchRestApi.fetch_user_viewed_docs()[pri:1, instance:com.sentieo.docsearch.DocSearchRestApi@4e096385]" name="fetch_user_viewed_docs" class="com.sentieo.docsearch.DocSearchRestApi"/>
        <method signature="DocSearchRestApi.fetchnotefilters()[pri:0, instance:com.sentieo.docsearch.DocSearchRestApi@4e096385]" name="fetchnotefilters" class="com.sentieo.docsearch.DocSearchRestApi"/>
        <method signature="DocSearchRestApi.fetchsavedfilters()[pri:0, instance:com.sentieo.docsearch.DocSearchRestApi@4e096385]" name="fetchsavedfilters" class="com.sentieo.docsearch.DocSearchRestApi"/>
        <method signature="DocSearchRestApi.fetchsearchlibrary()[pri:0, instance:com.sentieo.docsearch.DocSearchRestApi@4e096385]" name="fetchsearchlibrary" class="com.sentieo.docsearch.DocSearchRestApi"/>
        <method signature="DocSearchRestApi.get_bulk_download_doc(java.lang.String, java.lang.String)[pri:0, instance:com.sentieo.docsearch.DocSearchRestApi@4e096385]" name="get_bulk_download_doc" class="com.sentieo.docsearch.DocSearchRestApi"/>
        <method signature="DocSearchRestApi.get_doc_pdf(java.lang.String, java.lang.String)[pri:0, instance:com.sentieo.docsearch.DocSearchRestApi@4e096385]" name="get_doc_pdf" class="com.sentieo.docsearch.DocSearchRestApi"/>
        <method signature="DocSearchRestApi.get_docnote_pdf()[pri:0, instance:com.sentieo.docsearch.DocSearchRestApi@4e096385]" name="get_docnote_pdf" class="com.sentieo.docsearch.DocSearchRestApi"/>
        <method signature="DocSearchRestApi.index_user_viewed_doc()[pri:0, instance:com.sentieo.docsearch.DocSearchRestApi@4e096385]" name="index_user_viewed_doc" class="com.sentieo.docsearch.DocSearchRestApi"/>
        <method signature="DocSearchRestApi.perform_user_save_search()[pri:0, instance:com.sentieo.docsearch.DocSearchRestApi@4e096385]" name="perform_user_save_search" class="com.sentieo.docsearch.DocSearchRestApi"/>
        <method signature="DocSearchRestApi.query_suggest_autocomplete(java.lang.String, java.lang.String)[pri:0, instance:com.sentieo.docsearch.DocSearchRestApi@4e096385]" name="query_suggest_autocomplete" class="com.sentieo.docsearch.DocSearchRestApi"/>
        <method signature="DocSearchRestApi.ra__unsubscribe_feed()[pri:0, instance:com.sentieo.docsearch.DocSearchRestApi@4e096385]" name="ra__unsubscribe_feed" class="com.sentieo.docsearch.DocSearchRestApi"/>
        <method signature="DocSearchRestApi.remove_broker_request_for_user()[pri:2, instance:com.sentieo.docsearch.DocSearchRestApi@4e096385]" name="remove_broker_request_for_user" class="com.sentieo.docsearch.DocSearchRestApi"/>
        <method signature="DocSearchRestApi.request_feed()[pri:0, instance:com.sentieo.docsearch.DocSearchRestApi@4e096385]" name="request_feed" class="com.sentieo.docsearch.DocSearchRestApi"/>
        <method signature="DocSearchRestApi.update_feed()[pri:0, instance:com.sentieo.docsearch.DocSearchRestApi@4e096385]" name="update_feed" class="com.sentieo.docsearch.DocSearchRestApi"/>
        <method signature="DocSearchRestApi.user_load_search()[pri:0, instance:com.sentieo.docsearch.DocSearchRestApi@4e096385]" name="user_load_search" class="com.sentieo.docsearch.DocSearchRestApi"/>
        <method signature="DocSearchRestApi.user_saved_search_data_load()[pri:0, instance:com.sentieo.docsearch.DocSearchRestApi@4e096385]" name="user_saved_search_data_load" class="com.sentieo.docsearch.DocSearchRestApi"/>
        <method signature="DocSearchRestApi.user_saved_search_delete()[pri:0, instance:com.sentieo.docsearch.DocSearchRestApi@4e096385]" name="user_saved_search_delete" class="com.sentieo.docsearch.DocSearchRestApi"/>
        <method signature="DocumentSearch.docsearch_context_filter(java.lang.String, java.lang.String, java.lang.String)[pri:0, instance:com.sentieo.docsearch.DocumentSearch@649bec2e]" name="docsearch_context_filter" class="com.sentieo.docsearch.DocumentSearch"/>
        <method signature="DocumentSearch.docsearch_customdate_filter(java.lang.String, java.lang.String)[pri:0, instance:com.sentieo.docsearch.DocumentSearch@649bec2e]" name="docsearch_customdate_filter" class="com.sentieo.docsearch.DocumentSearch"/>
        <method signature="DocumentSearch.docsearch_language_filter(java.lang.String, java.lang.String)[pri:0, instance:com.sentieo.docsearch.DocumentSearch@649bec2e]" name="docsearch_language_filter" class="com.sentieo.docsearch.DocumentSearch"/>
        <method signature="DocumentSearch.docsearch_region_filter(java.lang.String, java.lang.String)[pri:0, instance:com.sentieo.docsearch.DocumentSearch@649bec2e]" name="docsearch_region_filter" class="com.sentieo.docsearch.DocumentSearch"/>
        <method signature="DocumentSearch.docsearch_sector_filter(java.lang.String, java.lang.String)[pri:0, instance:com.sentieo.docsearch.DocumentSearch@649bec2e]" name="docsearch_sector_filter" class="com.sentieo.docsearch.DocumentSearch"/>
        <method signature="DocumentSearch.fetchsearch_doctype(java.lang.String, java.lang.String)[pri:0, instance:com.sentieo.docsearch.DocumentSearch@649bec2e]" name="fetchsearch_doctype" class="com.sentieo.docsearch.DocumentSearch"/>
        <method signature="DocumentSearch.fetchsearch_nodoc_1()[pri:0, instance:com.sentieo.docsearch.DocumentSearch@649bec2e]" name="fetchsearch_nodoc_1" class="com.sentieo.docsearch.DocumentSearch"/>
        <method signature="DocumentSearch.fetchsearch_nodoc_2()[pri:0, instance:com.sentieo.docsearch.DocumentSearch@649bec2e]" name="fetchsearch_nodoc_2" class="com.sentieo.docsearch.DocumentSearch"/>
        <method signature="DocumentSearch.fetchsearch_nodoc_4()[pri:0, instance:com.sentieo.docsearch.DocumentSearch@649bec2e]" name="fetchsearch_nodoc_4" class="com.sentieo.docsearch.DocumentSearch"/>
        <method signature="DocumentSearch.fetchsearch_nodoc_5()[pri:0, instance:com.sentieo.docsearch.DocumentSearch@649bec2e]" name="fetchsearch_nodoc_5" class="com.sentieo.docsearch.DocumentSearch"/>
        <method signature="DocumentSearch.fetchsearch_nodoc_6()[pri:0, instance:com.sentieo.docsearch.DocumentSearch@649bec2e]" name="fetchsearch_nodoc_6" class="com.sentieo.docsearch.DocumentSearch"/>
        <method signature="DocumentSearch.fetchsearch_nodoc_7()[pri:0, instance:com.sentieo.docsearch.DocumentSearch@649bec2e]" name="fetchsearch_nodoc_7" class="com.sentieo.docsearch.DocumentSearch"/>
        <method signature="DocumentSearch.fetchsearch_nodoc_8()[pri:0, instance:com.sentieo.docsearch.DocumentSearch@649bec2e]" name="fetchsearch_nodoc_8" class="com.sentieo.docsearch.DocumentSearch"/>
        <method signature="DocumentSearch.fetchsearch_nodoc_9()[pri:0, instance:com.sentieo.docsearch.DocumentSearch@649bec2e]" name="fetchsearch_nodoc_9" class="com.sentieo.docsearch.DocumentSearch"/>
        <method signature="DocumentSearch.test_doctype_query(java.lang.String, java.lang.String, java.lang.String)[pri:0, instance:com.sentieo.docsearch.DocumentSearch@649bec2e]" name="test_doctype_query" class="com.sentieo.docsearch.DocumentSearch"/>
        <method signature="DocumentSearch.test_doctype_query_mobile(java.lang.String, java.lang.String, java.lang.String)[pri:0, instance:com.sentieo.docsearch.DocumentSearch@649bec2e]" name="test_doctype_query_mobile" class="com.sentieo.docsearch.DocumentSearch"/>
        <method signature="DocumentSearch.test_doctype_watchlist(java.lang.String, java.lang.String)[pri:0, instance:com.sentieo.docsearch.DocumentSearch@649bec2e]" name="test_doctype_watchlist" class="com.sentieo.docsearch.DocumentSearch"/>
        <method signature="DocumentSearch.test_invalid_filters(java.lang.String)[pri:0, instance:com.sentieo.docsearch.DocumentSearch@649bec2e]" name="test_invalid_filters" class="com.sentieo.docsearch.DocumentSearch"/>
        <method signature="DocumentSearch.test_invalid_filters_mobile(java.lang.String)[pri:0, instance:com.sentieo.docsearch.DocumentSearch@649bec2e]" name="test_invalid_filters_mobile" class="com.sentieo.docsearch.DocumentSearch"/>
      </group> <!-- sanity -->
      <group name="devesh">
        <method signature="DocSearchRestApi.bulk_download()[pri:0, instance:com.sentieo.docsearch.DocSearchRestApi@4e096385]" name="bulk_download" class="com.sentieo.docsearch.DocSearchRestApi"/>
        <method signature="DocSearchRestApi.get_user_downloaded_docs_status()[pri:0, instance:com.sentieo.docsearch.DocSearchRestApi@4e096385]" name="get_user_downloaded_docs_status" class="com.sentieo.docsearch.DocSearchRestApi"/>
      </group> <!-- devesh -->
    </groups>
    <test started-at="2022-07-26T13:38:25Z" name="sentieo-tests" finished-at="2022-07-26T13:41:55Z" duration-ms="209488">
      <class name="com.sentieo.docsearch.DocumentSearch">
        <test-method is-config="true" signature="initVerify()[pri:0, instance:com.sentieo.docsearch.DocumentSearch@649bec2e]" started-at="2022-07-26T13:39:58Z" name="initVerify" finished-at="2022-07-26T13:39:58Z" duration-ms="0" status="PASS">
          <reporter-output>
          </reporter-output>
        </test-method> <!-- initVerify -->
        <test-method signature="docsearch_context_filter(java.lang.String, java.lang.String, java.lang.String)[pri:0, instance:com.sentieo.docsearch.DocumentSearch@649bec2e]" started-at="2022-07-26T13:39:58Z" name="docsearch_context_filter" description="search with Context filter" data-provider="test_context_Filter" finished-at="2022-07-26T13:40:00Z" duration-ms="1741" status="PASS">
          <params>
            <param index="0">
              <value>
                <![CDATA[msft]]>
              </value>
            </param>
            <param index="1">
              <value>
                <![CDATA[["tr.cfo"]]]>
              </value>
            </param>
            <param index="2">
              <value>
                <![CDATA[{"ticker":{},"doctype":{"tt":{"events":{"param":"tt_category","values":["analyst_shareholder_meeting_other","conference","earnings","guidance","m&a"]}}},"sector":{},"regions":{},"date":{},"source":{},"language":{},"other":{},"section":{"":{"10k":{"param":"sections_filter","values":[]},"10q":{"param":"sections_filter","values":[]},"tr":{"param":"sections_filter","values":["tr.cfo"]}}}}]]>
              </value>
            </param>
          </params>
          <reporter-output>
          </reporter-output>
        </test-method> <!-- docsearch_context_filter -->
        <test-method signature="docsearch_customdate_filter(java.lang.String, java.lang.String)[pri:0, instance:com.sentieo.docsearch.DocumentSearch@649bec2e]" started-at="2022-07-26T13:40:00Z" name="docsearch_customdate_filter" description="doc type and custom date as filter combinations" data-provider="doctype_customdate_filters_combination" finished-at="2022-07-26T13:40:01Z" duration-ms="1776" status="PASS">
          <params>
            <param index="0">
              <value>
                <![CDATA[aapl]]>
              </value>
            </param>
            <param index="1">
              <value>
                <![CDATA[{"ticker":{},"doctype":{"ef":{"QA":{"values":["10-k","10-k/a"],"param":"filing_subtype"},"ECM":{"param":"filing_subtype","values":[]},"ADR":{"param":"filing_subtype","values":[]},"prx":{"param":"filing_subtype","values":[]},"OR":{"param":"filing_subtype","values":[]},"hdr":{"param":"filing_subtype","values":[]},"emben":{"param":"filing_subtype","values":[]},"intran":{"param":"filing_subtype","values":[]},"other_subtype":{"param":"filing_subtype","values":[]}}},"sector":{},"regions":{},"date":{"":{"":{"param":"date","values":["2019-09-30T18:30:00.000Z","2020-02-11T18:30:00.000Z"]}}},"source":{},"language":{},"other":{},"section":{}}]]>
              </value>
            </param>
          </params>
          <reporter-output>
          </reporter-output>
        </test-method> <!-- docsearch_customdate_filter -->
        <test-method is-config="true" signature="initVerify()[pri:0, instance:com.sentieo.docsearch.DocumentSearch@649bec2e]" started-at="2022-07-26T13:40:00Z" name="initVerify" finished-at="2022-07-26T13:40:00Z" duration-ms="0" status="PASS">
          <reporter-output>
          </reporter-output>
        </test-method> <!-- initVerify -->
        <test-method signature="docsearch_customdate_filter(java.lang.String, java.lang.String)[pri:0, instance:com.sentieo.docsearch.DocumentSearch@649bec2e]" started-at="2022-07-26T13:40:01Z" name="docsearch_customdate_filter" description="doc type and custom date as filter combinations" data-provider="doctype_customdate_filters_combination" finished-at="2022-07-26T13:40:03Z" duration-ms="1724" status="PASS">
          <params>
            <param index="0">
              <value>
                <![CDATA[msft]]>
              </value>
            </param>
            <param index="1">
              <value>
                <![CDATA[{"ticker":{},"doctype":{"tt":{"events":{"param":"tt_category","values":["analyst_shareholder_meeting_other","conference","earnings","guidance","m&a"]}}},"sector":{},"regions":{},"date":{"":{"":{"param":"date","values":["2017-12-31T18:30:00.000Z","2019-08-19T18:30:00.000Z"]}}},"source":{},"language":{},"other":{},"section":{}}]]>
              </value>
            </param>
          </params>
          <reporter-output>
          </reporter-output>
        </test-method> <!-- docsearch_customdate_filter -->
        <test-method is-config="true" signature="initVerify()[pri:0, instance:com.sentieo.docsearch.DocumentSearch@649bec2e]" started-at="2022-07-26T13:40:01Z" name="initVerify" finished-at="2022-07-26T13:40:01Z" duration-ms="0" status="PASS">
          <reporter-output>
          </reporter-output>
        </test-method> <!-- initVerify -->
        <test-method is-config="true" signature="initVerify()[pri:0, instance:com.sentieo.docsearch.DocumentSearch@649bec2e]" started-at="2022-07-26T13:40:03Z" name="initVerify" finished-at="2022-07-26T13:40:03Z" duration-ms="2" status="PASS">
          <reporter-output>
          </reporter-output>
        </test-method> <!-- initVerify -->
        <test-method signature="docsearch_language_filter(java.lang.String, java.lang.String)[pri:0, instance:com.sentieo.docsearch.DocumentSearch@649bec2e]" started-at="2022-07-26T13:40:03Z" name="docsearch_language_filter" description="doc type and language as filter combinations" data-provider="doctype_language_filters_combination" finished-at="2022-07-26T13:40:05Z" duration-ms="1657" status="PASS">
          <params>
            <param index="0">
              <value>
                <![CDATA[aapl]]>
              </value>
            </param>
            <param index="1">
              <value>
                <![CDATA[{"ticker":{},"doctype":{"ppt":{"company-presentations":{"param":"ppt_category","values":["1","2","3","4","5","6","8","0"]}}},"sector":{},"regions":{},"date":{},"source":{},"language":{"":{"":{"param":"language","values":[1]}}},"other":{},"section":{}}]]>
              </value>
            </param>
          </params>
          <reporter-output>
          </reporter-output>
        </test-method> <!-- docsearch_language_filter -->
        <test-method signature="docsearch_language_filter(java.lang.String, java.lang.String)[pri:0, instance:com.sentieo.docsearch.DocumentSearch@649bec2e]" started-at="2022-07-26T13:40:05Z" name="docsearch_language_filter" description="doc type and language as filter combinations" data-provider="doctype_language_filters_combination" finished-at="2022-07-26T13:40:07Z" duration-ms="1824" status="PASS">
          <params>
            <param index="0">
              <value>
                <![CDATA[vod]]>
              </value>
            </param>
            <param index="1">
              <value>
                <![CDATA[{"ticker":{},"doctype":{"ppt":{"company-presentations":{"param":"ppt_category","values":["1","2","3","4","5","6","8","0"]}}},"sector":{},"regions":{},"date":{},"source":{},"language":{"":{"":{"param":"language","values":[1,2,3,4,5,6,7,8,9,10,11,12,13,14,15,16,17,18,19,20,21,22,23,24,25,26,27,28,29,30,31,32,33,34,35,36,37,38,39,40,41,42,43,44,45,46,47,48,49,50,51,52,53,54,55,56,57,58,59,60,61,62,63,64,65,66,67,68,69,70,71,72,73,74,75,76,77,78,79,80,81,82,83,84,85,86,87,88,89,90,91,92,93,94,95,96,97,98,99,100,101,102,103,104,105,106,107,108,109,110,111,112,113,114,115,116,117,118,119,120,121,122,123,124,125,126,127,128,129,130,131,132,133,134,135,136,137,138,139,140,141,142]}}},"other":{},"section":{}}]]>
              </value>
            </param>
          </params>
          <reporter-output>
          </reporter-output>
        </test-method> <!-- docsearch_language_filter -->
        <test-method is-config="true" signature="initVerify()[pri:0, instance:com.sentieo.docsearch.DocumentSearch@649bec2e]" started-at="2022-07-26T13:40:05Z" name="initVerify" finished-at="2022-07-26T13:40:05Z" duration-ms="0" status="PASS">
          <reporter-output>
          </reporter-output>
        </test-method> <!-- initVerify -->
        <test-method is-config="true" signature="initVerify()[pri:0, instance:com.sentieo.docsearch.DocumentSearch@649bec2e]" started-at="2022-07-26T13:40:07Z" name="initVerify" finished-at="2022-07-26T13:40:07Z" duration-ms="0" status="PASS">
          <reporter-output>
          </reporter-output>
        </test-method> <!-- initVerify -->
        <test-method signature="docsearch_region_filter(java.lang.String, java.lang.String)[pri:0, instance:com.sentieo.docsearch.DocumentSearch@649bec2e]" started-at="2022-07-26T13:40:07Z" name="docsearch_region_filter" description="doc type and region as filter combinations" data-provider="test_doctype_region_Filter" finished-at="2022-07-26T13:40:08Z" duration-ms="1729" status="PASS">
          <params>
            <param index="0">
              <value>
                <![CDATA[]]>
              </value>
            </param>
            <param index="1">
              <value>
                <![CDATA[{"ticker":{},"sector":{},"date":{},"regions":{"Europe":{"Western Europe":{"param":"geog_subfilter","values":["va","ch","ad","is","it","im","gb","ie","es","gr","nl","pt","no","li","lu","gi","be","fr","dk","de","fi","fo","mc","mt","sm","se"]},"Central & Eastern Europe":{"param":"geog_subfilter","values":["ee","am","al","cz","ge","at","az","ru","rs","lv","lt","tm","tj","ro","pl","bg","ba","hr","hu","by","me","md","kg","uz","cy","mk","sk","si","kz","ua"]}}},"section":{},"source":{},"language":{},"other":{},"doctype":{"tt":{"events":{"param":"tt_category","values":["analyst_shareholder_meeting_other","conference","earnings","guidance","m&a"]}}},"exchange":{}}]]>
              </value>
            </param>
          </params>
          <reporter-output>
          </reporter-output>
        </test-method> <!-- docsearch_region_filter -->
        <test-method is-config="true" signature="initVerify()[pri:0, instance:com.sentieo.docsearch.DocumentSearch@649bec2e]" started-at="2022-07-26T13:40:08Z" name="initVerify" finished-at="2022-07-26T13:40:08Z" duration-ms="0" status="PASS">
          <reporter-output>
          </reporter-output>
        </test-method> <!-- initVerify -->
        <test-method signature="docsearch_sector_filter(java.lang.String, java.lang.String)[pri:0, instance:com.sentieo.docsearch.DocumentSearch@649bec2e]" started-at="2022-07-26T13:40:08Z" name="docsearch_sector_filter" description="doc type and sector as filter combinations" data-provider="doctype_sector_filters_combination" finished-at="2022-07-26T13:40:10Z" duration-ms="1834" status="PASS">
          <params>
            <param index="0">
              <value>
                <![CDATA[]]>
              </value>
            </param>
            <param index="1">
              <value>
                <![CDATA[{"ticker":{},"sector":{"Information Technology":{"":{"param":"filter_subsectors","values":["Application Software","Communications Equipment","Data Processing & Outsourced Services","Electronic Components","Electronic Equipment & Instruments","Electronic Manufacturing Services","IT Consulting & Other Services","Internet Services & Infrastructure","Semiconductor Equipment","Semiconductors","Systems Software","Technology Distributors","Technology Hardware, Storage & Peripherals"]}}},"language":{},"section":{},"doctype":{"tt":{"events":{"param":"tt_category","values":["analyst_shareholder_meeting_other","conference","earnings","guidance","m&a"]}}},"regions":{},"source":{},"other":{},"date":{}}]]>
              </value>
            </param>
          </params>
          <reporter-output>
          </reporter-output>
        </test-method> <!-- docsearch_sector_filter -->
        <test-method is-config="true" signature="initVerify()[pri:0, instance:com.sentieo.docsearch.DocumentSearch@649bec2e]" started-at="2022-07-26T13:40:10Z" name="initVerify" finished-at="2022-07-26T13:40:10Z" duration-ms="0" status="PASS">
          <reporter-output>
          </reporter-output>
        </test-method> <!-- initVerify -->
        <test-method signature="docsearch_sector_filter(java.lang.String, java.lang.String)[pri:0, instance:com.sentieo.docsearch.DocumentSearch@649bec2e]" started-at="2022-07-26T13:40:10Z" name="docsearch_sector_filter" description="doc type and sector as filter combinations" data-provider="doctype_sector_filters_combination" finished-at="2022-07-26T13:40:12Z" duration-ms="1664" status="PASS">
          <params>
            <param index="0">
              <value>
                <![CDATA[a]]>
              </value>
            </param>
            <param index="1">
              <value>
                <![CDATA[{"ticker":{},"doctype":{"tt":{"events":{"param":"tt_category","values":["analyst_shareholder_meeting_other","conference","earnings","guidance","m&a"]}},"ppt":{"company-presentations":{"param":"ppt_category","values":["1","2","3","4","5","6","8","0"]}},"ef":{"QA":{"values":["10-k","10-k/a"],"param":"filing_subtype"},"ECM":{"param":"filing_subtype","values":[]},"ADR":{"param":"filing_subtype","values":[]},"prx":{"param":"filing_subtype","values":[]},"OR":{"param":"filing_subtype","values":[]},"hdr":{"param":"filing_subtype","values":[]},"emben":{"param":"filing_subtype","values":[]},"intran":{"param":"filing_subtype","values":[]},"other_subtype":{"param":"filing_subtype","values":[]}}},"sector":{"Health Care":{"":{"param":"filter_subsectors","values":["Biotechnology","Health Care Distributors","Health Care Equipment","Health Care Facilities","Health Care Services","Health Care Supplies","Health Care Technology","Life Sciences Tools & Services","Managed Health Care","Pharmaceuticals"]}}},"regions":{},"date":{},"source":{},"language":{},"other":{},"section":{}}]]>
              </value>
            </param>
          </params>
          <reporter-output>
          </reporter-output>
        </test-method> <!-- docsearch_sector_filter -->
        <test-method signature="fetchsearch_doctype(java.lang.String, java.lang.String)[pri:0, instance:com.sentieo.docsearch.DocumentSearch@649bec2e]" started-at="2022-07-26T13:40:12Z" name="fetchsearch_doctype" description="applying doc type filters" data-provider="test_doctype_Filter" finished-at="2022-07-26T13:40:14Z" duration-ms="1766" status="PASS">
          <params>
            <param index="0">
              <value>
                <![CDATA[aapl]]>
              </value>
            </param>
            <param index="1">
              <value>
                <![CDATA[{"ticker":{},"doctype":{"ef":{"QA":{"values":["10-k","10-k/a"],"param":"filing_subtype"},"ECM":{"param":"filing_subtype","values":[]},"ADR":{"param":"filing_subtype","values":[]},"prx":{"param":"filing_subtype","values":[]},"OR":{"param":"filing_subtype","values":[]},"hdr":{"param":"filing_subtype","values":[]},"emben":{"param":"filing_subtype","values":[]},"intran":{"param":"filing_subtype","values":[]},"other_subtype":{"param":"filing_subtype","values":[]}}},"sector":{},"regions":{},"date":{},"source":{},"language":{},"other":{},"section":{}}]]>
              </value>
            </param>
          </params>
          <reporter-output>
          </reporter-output>
        </test-method> <!-- fetchsearch_doctype -->
        <test-method is-config="true" signature="initVerify()[pri:0, instance:com.sentieo.docsearch.DocumentSearch@649bec2e]" started-at="2022-07-26T13:40:12Z" name="initVerify" finished-at="2022-07-26T13:40:12Z" duration-ms="0" status="PASS">
          <reporter-output>
          </reporter-output>
        </test-method> <!-- initVerify -->
        <test-method signature="fetchsearch_doctype(java.lang.String, java.lang.String)[pri:0, instance:com.sentieo.docsearch.DocumentSearch@649bec2e]" started-at="2022-07-26T13:40:14Z" name="fetchsearch_doctype" description="applying doc type filters" data-provider="test_doctype_Filter" finished-at="2022-07-26T13:40:15Z" duration-ms="1773" status="PASS">
          <params>
            <param index="0">
              <value>
                <![CDATA[msft]]>
              </value>
            </param>
            <param index="1">
              <value>
                <![CDATA[{"ticker":{},"doctype":{"ef":{"QA":{"values":["10-q","10-q/a"],"param":"filing_subtype"},"ECM":{"param":"filing_subtype","values":[]},"ADR":{"param":"filing_subtype","values":[]},"prx":{"param":"filing_subtype","values":[]},"OR":{"param":"filing_subtype","values":[]},"hdr":{"param":"filing_subtype","values":[]},"emben":{"param":"filing_subtype","values":[]},"intran":{"param":"filing_subtype","values":[]},"other_subtype":{"param":"filing_subtype","values":[]}}},"sector":{},"regions":{},"date":{},"source":{},"language":{},"other":{},"section":{}}]]>
              </value>
            </param>
          </params>
          <reporter-output>
          </reporter-output>
        </test-method> <!-- fetchsearch_doctype -->
        <test-method is-config="true" signature="initVerify()[pri:0, instance:com.sentieo.docsearch.DocumentSearch@649bec2e]" started-at="2022-07-26T13:40:14Z" name="initVerify" finished-at="2022-07-26T13:40:14Z" duration-ms="0" status="PASS">
          <reporter-output>
          </reporter-output>
        </test-method> <!-- initVerify -->
        <test-method is-config="true" signature="initVerify()[pri:0, instance:com.sentieo.docsearch.DocumentSearch@649bec2e]" started-at="2022-07-26T13:40:16Z" name="initVerify" finished-at="2022-07-26T13:40:16Z" duration-ms="0" status="PASS">
          <reporter-output>
          </reporter-output>
        </test-method> <!-- initVerify -->
        <test-method signature="fetchsearch_doctype(java.lang.String, java.lang.String)[pri:0, instance:com.sentieo.docsearch.DocumentSearch@649bec2e]" started-at="2022-07-26T13:40:16Z" name="fetchsearch_doctype" description="applying doc type filters" data-provider="test_doctype_Filter" finished-at="2022-07-26T13:40:17Z" duration-ms="1769" status="PASS">
          <params>
            <param index="0">
              <value>
                <![CDATA[googl]]>
              </value>
            </param>
            <param index="1">
              <value>
                <![CDATA[{"ticker":{},"doctype":{"ef":{"QA":{"param":"filing_subtype","values":["10-q","10-k","nt 10-q","nt 10-k","10qsb","10ksb","10-q/a","10-k/a","10qsb/a","10ksb/a"]},"ECM":{"param":"filing_subtype","values":["8-k agreement","8-k credit","8-k earnings","8-k mgmt","8-k restruct","8-k update","8-k voting","8-k other","425","s-4","8-k/a","s-4/a"]},"ADR":{"param":"filing_subtype","values":["6-k","20-f","40-f","6-k/a"]},"prx":{"param":"filing_subtype","values":["def 14a","defa14a","pre 14a","dfan14a","def 14c","prer14a","pre 14c","497","defr14a","n-px","defm14a","prec14a","prer14c","prem14a","prrn14a","defc14a","prem14c","pren14a","defn14a","defa14c","defr14c","defm14c","dfrn14a","n-px/a","prec14c","defc14c"]},"OR":{"param":"filing_subtype","values":["424b2","424b3","fwp","424b5","s-1/a","pos am","s-3","s-1","8-a12b","s-3asr","s-3/a","424b4","10-12g/a","10-12b/a","f-1","f-3","10-12g","s-11","10-12b","sb-1"]},"hdr":{"param":"filing_subtype","values":["sc 13g/a","sc 13g","sc 13d/a","sc 13d","13f-hr","13f-hr/a"]},"emben":{"param":"filing_subtype","values":["s-8","11-k","s-8 pos"]},"intran":{"param":"filing_subtype","values":["form-3","form-4","form-5","form-3/a","form-4/a","form-5/a"]},"other_subtype":{"param":"filing_subtype","values":["1-a","1-a pos","1-a-w","1-a/a","1-e","1-e/a","1-z","10-d","10-d/a","10-k405","10-k405/a","10-kt","10-kt/a","10-qt","10-qt/a","10ksb40","10kt405","10sb12b","10sb12b/a","10sb12g","10sb12g/a","11-k/a","11-kt","11-kt/a","13f-nt","13f-nt/a","144","144/a","15-12b","15-12b/a","15-12g","15-12g/a","15-15d","15-15d/a","15f-12b","15f-12b/a","15f-12g","15f-12g/a","15f-15d","15f-15d/a","18-k","2-e","2-e/a","20-f/a","20fr12b","20fr12b/a","20fr12g","20fr12g/a","24f-2nt","24f-2nt/a","25","25-nse","25-nse/a","25/a","3","305b2","305b2/a","35-cert","35-cert/a","40-17f1","40-17f2","40-17f2/a","40-17g","40-17g/a","40-33","40-6b","40-6b/a","40-8b25","40-8f-2","40-8f-2/a","40-app","40-app/a","40-f/a","40-oip","40-oip/a","40fr12b","40fr12b/a","40fr12g","40fr12g/a","424a","424b1","424b7","424b8","485apos","485bpos","485bxt","486bpos","497ad","497h2","497j","497k","6b ntc","6b ordr","8-a12b/a","8-a12g","8-a12g/a","8-k12b","8-k12b/a","8-k12g3","8-k12g3/a","8-k15d5","abs-15g","abs-15g/a","annlrpt","app ntc","app ordr","app wd","app wd/a","app wdg","ars","ars/a","aw","aw wd","cb","cb/a","corresp","ct order","d","d/a","defs14a","del am","drs","drs/a","drsltr","effect","f-1/a","f-10","f-10/a","f-10ef","f-10pos","f-1mef","f-2","f-2/a","f-3/a","f-3asr","f-3d","f-3dpos","f-3mef","f-4","f-4 pos","f-4/a","f-4mef","f-6","f-6 pos","f-6/a","f-6ef","f-7","f-7/a","f-8","f-8 pos","f-8/a","f-80","f-80/a","f-80pos","f-9","f-9 pos","f-9/a","f-9ef","f-n","f-n/a","f-x","f-x/a","irannotice","n-1/a","n-14","n-14 8c","n-14 8c/a","n-14/a","n-14ae","n-14ae/a","n-14mef","n-18f1","n-1a","n-1a/a","n-2","n-2/a","n-23c-1","n-23c-2","n-23c-2/a","n-23c3a","n-23c3a/a","n-2mef","n-30b-2","n-30d","n-30d/a","n-54a","n-54c","n-54c/a","n-6f","n-6f/a","n-8a","n-8a/a","n-8f","n-8f ntc","n-8f/a","n-csr","n-csr/a","n-csrs","n-csrs/a","n-mfp","n-mfp/a","n-mfp1","n-q","n-q/a","nsar-a","nsar-b","nsar-u","nsar-u/a","nt 10-k/a","nt 10-q/a","nt 11-k","nt 11-k/a","nt 15d2","nt 20-f","nt 20-f/a","nt-ncsr","nt-nsar","nt-nsar/a","ntfnsar","ntn 10k","ntn 10q","ntn 20f","pos 8c","pos amc","pos ami","pos ex","pos462b","pos462c","posasr","pres14a","px14a6g","px14a6n","qualif","regdex/a","revoked","rw","rw wd","s-11/a","s-11mef","s-1mef","s-2","s-2/a","s-2mef","s-3d","s-3dpos","s-3mef","s-4 pos","s-4ef","s-4ef/a","s-4mef","s-b","s-b/a","sb-1/a","sb-2","sb-2/a","sb-2mef","sc 13e1","sc 13e1/a","sc 13e3","sc 13e3/a","sc 14d9","sc 14d9/a","sc 14f1","sc 14f1/a","sc to-c","sc to-i","sc to-i/a","sc to-t","sc to-t/a","sc13e4f","sc13e4f/a","sc14d1f","sc14d1f/a","sc14d9c","sc14d9f","sc14d9f/a","sd","sd/a","sp 15d2","sp 15d2/a","suppl","t-3","t-3/a","u-1","u-1/a","u-12-ia","u-12-ib","u-13-60","u-13-60/a","u-33-s","u-3a-2","u-3a-2/a","u-57","u-57/a","u-6b-2","u-9c-3","u-9c-3/a","u5a","u5a/a","u5b","u5s","u5s/a","under","upload","certnys","no act","certpac","13fconp","g-405n","u-3a3-1","sc 14d1","ttw","485a24f","485a24e","39-304d","1-a-w/a","n-cr/a","19b-4","26","adv-h-c","pre13e3","s-6","prea14a","defs14c","adv-h-t","msd/a","advco","sc 14d1/a","ta-2","ta-1","s-20","f-7 pos","g-fin/a","cfportal","reg-nr/a","msdco","13f-e/a","qrtlyrpt/a","13fconp/a","g-finw","40-8f-m","8a12bt","annlrpt/a","ta-1/a","focusn/a","485b24f","485b24e","focusn","1-z/a","ma/a","24f-1","afdb/a","ifc","n14el24","ta-w","sf-1","sf-3","adv-e","n-4 el/a","dstrbrpt","n-4 el","40-24b2/a","ebrd","1-e ad","8-m","sf-1/a","n-23c3c","n-23c3b","40-202a/a","u-13e-1","s-6el24/a","n-23c3b/a","n-cr","c-w","40-202a","10-c/a","u-7d","u-6b-2/a","n-23c-1/a","n14ae24","x-17a-5","u5b/a","s-6/a","s-3d/a","nrsro-ce/a","pres14c","nt n-mfp","c","10-qsb","n-8b-2","ma-w","cfportal/a","ma-i","ma-a","ma-i/a","n-18f1/a","nt 10-d/a","24f-2el","dstrbrpt/a","253g2","n-1a el/a","253g1","8-b12g","2-a","8-b12b","nrsro-upd","n-6/a","497k1","497k2","dosltr","n-1a el","s-20/a","10-c","40-33/a","c/a","adb","msd","9-m","nt 10-d","n-6","n-4","bdco","40-8f-b","sdr","40-8f-l/a","8-k15d5/a","40-8f-l","u-12-ib/a","x-17a-5/a","def13e3/a","advw","13f-e","sc 13e4/a","8-b12b/a","ma","dos/a","bw-2","bw-3","40-8f-m/a","u-12-ia/a","2-a/a","n-23c3c/a","s-6el24","8a12bt/a","s-8/a","8-b12g/a","iadb","8a12bef","n-3","40-203a","ttw/a","40-8f-a","afdb","497k3a","497k3b","424h/a","nt n-mfp1","u-7d/a","40-24b2","sc 13e4","n14el24/a","n-mfp1/a","s-bmef","g-fin","def-oc","n-27d-1","pre13e3/a","n-8b-2/a","adv-nr","n-3/a","424h","taco","487","ebrd/a","40-17gcs","nt 15d2/a","n-4/a","18-12b","def13e3","sf-3/a","24f-2tm","40-8f-a/a","reg-nr","ta-2/a","sl","dos","40-17f1/a","486apos","ntn 10d"]}}},"sector":{},"regions":{},"date":{},"source":{},"language":{},"other":{},"section":{}}]]>
              </value>
            </param>
          </params>
          <reporter-output>
          </reporter-output>
        </test-method> <!-- fetchsearch_doctype -->
        <test-method is-config="true" signature="initVerify()[pri:0, instance:com.sentieo.docsearch.DocumentSearch@649bec2e]" started-at="2022-07-26T13:40:17Z" name="initVerify" finished-at="2022-07-26T13:40:17Z" duration-ms="1" status="PASS">
          <reporter-output>
          </reporter-output>
        </test-method> <!-- initVerify -->
        <test-method signature="fetchsearch_doctype(java.lang.String, java.lang.String)[pri:0, instance:com.sentieo.docsearch.DocumentSearch@649bec2e]" started-at="2022-07-26T13:40:17Z" name="fetchsearch_doctype" description="applying doc type filters" data-provider="test_doctype_Filter" finished-at="2022-07-26T13:40:19Z" duration-ms="1672" status="PASS">
          <params>
            <param index="0">
              <value>
                <![CDATA[a]]>
              </value>
            </param>
            <param index="1">
              <value>
                <![CDATA[{"ticker":{},"doctype":{"tt":{"events":{"param":"tt_category","values":["analyst_shareholder_meeting_other","conference","earnings","guidance","m&a"]}}},"sector":{},"regions":{},"date":{},"source":{},"language":{},"other":{},"section":{}}]]>
              </value>
            </param>
          </params>
          <reporter-output>
          </reporter-output>
        </test-method> <!-- fetchsearch_doctype -->
        <test-method signature="fetchsearch_doctype(java.lang.String, java.lang.String)[pri:0, instance:com.sentieo.docsearch.DocumentSearch@649bec2e]" started-at="2022-07-26T13:40:19Z" name="fetchsearch_doctype" description="applying doc type filters" data-provider="test_doctype_Filter" finished-at="2022-07-26T13:40:21Z" duration-ms="2067" status="PASS">
          <params>
            <param index="0">
              <value>
                <![CDATA[ulvr:ln]]>
              </value>
            </param>
            <param index="1">
              <value>
                <![CDATA[{"ticker":{},"doctype":{"ppt":{"company-presentations":{"param":"ppt_category","values":["1","2","3","4","5","6","8","0"]}}},"sector":{},"regions":{},"date":{},"source":{},"language":{},"other":{},"section":{}}]]>
              </value>
            </param>
          </params>
          <reporter-output>
          </reporter-output>
        </test-method> <!-- fetchsearch_doctype -->
        <test-method is-config="true" signature="initVerify()[pri:0, instance:com.sentieo.docsearch.DocumentSearch@649bec2e]" started-at="2022-07-26T13:40:19Z" name="initVerify" finished-at="2022-07-26T13:40:19Z" duration-ms="0" status="PASS">
          <reporter-output>
          </reporter-output>
        </test-method> <!-- initVerify -->
        <test-method signature="fetchsearch_doctype(java.lang.String, java.lang.String)[pri:0, instance:com.sentieo.docsearch.DocumentSearch@649bec2e]" started-at="2022-07-26T13:40:21Z" name="fetchsearch_doctype" description="applying doc type filters" data-provider="test_doctype_Filter" finished-at="2022-07-26T13:40:23Z" duration-ms="1736" status="PASS">
          <params>
            <param index="0">
              <value>
                <![CDATA[tsla]]>
              </value>
            </param>
            <param index="1">
              <value>
                <![CDATA[{"ticker":{},"doctype":{"nw":{"media_news":{"param":"source","values":["lx_175892","lx_3588","lx_192511","lx_se_6598","lx_se_4828","lx_5230","lx_7484","lx_190697","lx_se_8057","lx_9295","lx_se_9571","lx_se_9682","lx_67811","lx_se_109488","lx_91272","lx_76706","lx_12827","lx_13418","lx_se_14584","lx_se_15335","lx_se_48509","lx_se_78351","lx_se_19013","lx_se_74038","lx_se_82122","lx_se_23458","lx_se_23459","lx_26178","lx_26180","lx_30491","lx_se_132321","lx_se_32525","lx_85876","lx_33552","lx_87763","lx_91334","lx_se_34662","lx_se_35349","lx_se_48775","lx_103480","lx_se_38938","lx_39578","lx_238545","lx_se_43363","lx_se_44030","lx_se_7553","lx_se_45630","lx_90965","lx_91071","lx_48113","lx_49703","lx_se_51611","lx_se_51638","lx_se_52922","lx_54812"]},"cons_disc":{"param":"source","values":["lx_se_1110","lx_se_1154","lx_se_4171","lx_se_4237","lx_se_4249","lx_se_9227","lx_73596","lx_se_11080","lx_76086","lx_se_11530","lx_se_118419","lx_se_11595","lx_85698","lx_112942","lx_se_23192","lx_se_83778","lx_se_31465","lx_226571","lx_226562","lx_226567","lx_207252","lx_226606","lx_226613","lx_226608","lx_226570","lx_223836","lx_228904","lx_se_88233"]},"cons_stpl":{"param":"source","values":["lx_1306","lx_104677","lx_se_1449","lx_113125","lx_se_5763","lx_se_8774","lx_se_9226","lx_se_11595","lx_106069","lx_se_13320","lx_se_14709","lx_se_17855","lx_se_17864","lx_80937","lx_se_80254","lx_se_18921","lx_104820","lx_se_80680","lx_se_21621","lx_se_21625","lx_se_23334","lx_se_83847","lx_85572","lx_se_34650","lx_se_39114","lx_118069","lx_90036","lx_se_45762"]},"energy_utils":{"param":"source","values":["lx_71636","lx_se_114629","lx_se_3063","lx_75753","lx_se_12712","lx_79011","lx_se_189850","lx_104804","lx_79307","lx_80652","lx_se_121906","lx_22266","lx_82850","lx_104856","lx_33301","lx_se_85705","lx_36067","lx_se_56717","lx_87791","lx_88345","lx_88348","lx_107381","lx_se_39180","lx_se_39907","lx_se_90009","lx_90047","lx_se_49941","lx_106757","lx_92959","lx_92928","lx_180036","lx_se_101010","lx_se_54470"]},"fin_reale":{"param":"source","values":["lx_se_124622","lx_104677","lx_se_2380","lx_se_72246","lx_se_108300","lx_se_4032","lx_se_4870","lx_se_48362","lx_se_5597","lx_se_64349","lx_se_6491","lx_se_7290","lx_se_8649","lx_se_58171","lx_73596","lx_10574","lx_se_12030","lx_se_76405","lx_se_76686","lx_77578","lx_80122","lx_se_80432","lx_18501","lx_se_19013","lx_se_63339","lx_se_24808","lx_se_25073","lx_se_25071","lx_se_25105","lx_se_25556","lx_se_25561","lx_se_83596","lx_85205","lx_se_32322","lx_33727","lx_se_33414","lx_se_87630","lx_se_34693","lx_se_57457","lx_se_62506","lx_104990","lx_se_38617","lx_se_39907","lx_se_105002","lx_se_40306","lx_88861","lx_100641","lx_se_40431","lx_se_89439","lx_se_105014","lx_se_90024","lx_44150","lx_91081","lx_44795","lx_223395","lx_se_49091","lx_se_82674","lx_se_49865","lx_se_53132"]},"health_care":{"param":"source","values":["lx_se_2455","lx_se_72230","lx_se_6009","lx_se_5965","lx_5972","lx_se_9226","lx_se_48442","lx_75585","lx_se_75754","lx_se_11573","lx_77822","lx_77827","lx_14713","lx_se_79268","lx_se_17999","lx_se_18252","lx_se_18249","lx_se_61329","lx_20447","lx_22458","lx_se_82238","lx_se_22508","lx_83276","lx_83451","lx_133239","lx_se_24954","lx_82874","lx_85635","lx_88965","lx_se_27015","lx_se_31758","lx_se_31875","lx_85599","lx_se_32058","lx_se_33290","lx_se_70288","lx_191344","lx_140489","lx_179298","lx_se_38892","lx_90016","lx_134551","lx_176499","lx_191025"]},"indu":{"param":"source","values":["lx_se_71628","lx_se_71453","lx_se_1574","lx_71791","lx_se_1587","lx_se_71798","lx_se_93773","lx_se_1599","lx_72151","lx_72430","lx_se_3148","lx_72342","lx_98911","lx_se_73643","lx_60797","lx_105978","lx_210013","lx_75023","lx_118050","lx_104767","lx_se_11501","lx_13240","lx_se_16080","lx_se_79231","lx_se_18662","lx_se_80562","lx_116094","lx_83248","lx_se_24808","lx_74887","lx_se_24989","lx_se_24945","lx_84005","lx_se_30828","lx_197597","lx_se_85311","lx_85790","lx_32727","lx_34615","lx_se_39675","lx_89157","lx_se_41415","lx_se_43796","lx_se_45814","lx_91589"]},"macro":{"param":"source","values":["lx_se_124622","lx_4854","lx_4878","lx_4883","lx_4888","lx_7356","lx_7358","lx_76334","lx_se_48509","lx_17228","lx_18038","lx_se_83559","lx_se_36032","lx_213718","lx_50689","lx_51124"]},"material":{"param":"source","values":["lx_se_988","lx_71642","lx_se_2472","lx_5100","lx_se_7288","lx_se_9144","lx_75447","lx_75450","lx_75443","lx_104754","lx_75454","lx_76078","lx_75449","lx_85301","lx_se_85919","lx_se_39332","lx_se_39335","lx_se_42919","lx_se_42920","lx_86039"]},"tech_tele":{"param":"source","values":["lx_71785","lx_1563","lx_se_8261","lx_76004","lx_76046","lx_120788","lx_77860","lx_14170","lx_se_79041","lx_80117","lx_80198","lx_81978","lx_23976","lx_82845","lx_82853","lx_104855","lx_24806","lx_se_100808","lx_se_83730","lx_85302","lx_34520","lx_se_35108","lx_75002","lx_88820","lx_se_39675","lx_106072","lx_90279","lx_45820","lx_45817","lx_se_43796","lx_47769","lx_se_54126","lx_55233"]},"pr_rel":{"param":"source","values":["lx_87245","lx_se_23246","lx_90838","lx_91113","lx_105028","lx_75882","lx_87336","lx_189571"]},"misc":{"param":"source","values":["lx_104701","lx_99282","lx_89990","lx_99283","lx_10505","lx_67772","lx_82763","lx_83236","lx_179238","lx_se_24989","lx_59700","lx_31466","lx_77865","lx_33727","lx_108076","lx_45791","lx_191100","lx_49703","lx_50297"]}}},"sector":{},"regions":{},"date":{},"source":{},"language":{},"other":{},"section":{}}]]>
              </value>
            </param>
          </params>
          <reporter-output>
          </reporter-output>
        </test-method> <!-- fetchsearch_doctype -->
        <test-method is-config="true" signature="initVerify()[pri:0, instance:com.sentieo.docsearch.DocumentSearch@649bec2e]" started-at="2022-07-26T13:40:21Z" name="initVerify" finished-at="2022-07-26T13:40:21Z" duration-ms="0" status="PASS">
          <reporter-output>
          </reporter-output>
        </test-method> <!-- initVerify -->
        <test-method is-config="true" signature="initVerify()[pri:0, instance:com.sentieo.docsearch.DocumentSearch@649bec2e]" started-at="2022-07-26T13:40:23Z" name="initVerify" finished-at="2022-07-26T13:40:23Z" duration-ms="0" status="PASS">
          <reporter-output>
          </reporter-output>
        </test-method> <!-- initVerify -->
        <test-method signature="fetchsearch_doctype(java.lang.String, java.lang.String)[pri:0, instance:com.sentieo.docsearch.DocumentSearch@649bec2e]" started-at="2022-07-26T13:40:23Z" name="fetchsearch_doctype" description="applying doc type filters" data-provider="test_doctype_Filter" finished-at="2022-07-26T13:40:25Z" duration-ms="1761" status="PASS">
          <params>
            <param index="0">
              <value>
                <![CDATA[uber]]>
              </value>
            </param>
            <param index="1">
              <value>
                <![CDATA[{"ticker":{},"doctype":{"nw":{"media_news":{"param":"source","values":["lx_175892","lx_3588","lx_192511","lx_se_6598","lx_se_4828","lx_5230","lx_7484","lx_190697","lx_se_8057","lx_9295","lx_se_9571","lx_se_9682","lx_67811","lx_se_109488","lx_91272","lx_76706","lx_12827","lx_13418","lx_se_14584","lx_se_15335","lx_se_48509","lx_se_78351","lx_se_19013","lx_se_74038","lx_se_82122","lx_se_23458","lx_se_23459","lx_26178","lx_26180","lx_30491","lx_se_132321","lx_se_32525","lx_85876","lx_33552","lx_87763","lx_91334","lx_se_34662","lx_se_35349","lx_se_48775","lx_103480","lx_se_38938","lx_39578","lx_238545","lx_se_43363","lx_se_44030","lx_se_7553","lx_se_45630","lx_90965","lx_91071","lx_48113","lx_49703","lx_se_51611","lx_se_51638","lx_se_52922","lx_54812"]},"cons_disc":{"param":"source","values":["lx_se_1110","lx_se_1154","lx_se_4171","lx_se_4237","lx_se_4249","lx_se_9227","lx_73596","lx_se_11080","lx_76086","lx_se_11530","lx_se_118419","lx_se_11595","lx_85698","lx_112942","lx_se_23192","lx_se_83778","lx_se_31465","lx_226571","lx_226562","lx_226567","lx_207252","lx_226606","lx_226613","lx_226608","lx_226570","lx_223836","lx_228904","lx_se_88233"]},"cons_stpl":{"param":"source","values":["lx_1306","lx_104677","lx_se_1449","lx_113125","lx_se_5763","lx_se_8774","lx_se_9226","lx_se_11595","lx_106069","lx_se_13320","lx_se_14709","lx_se_17855","lx_se_17864","lx_80937","lx_se_80254","lx_se_18921","lx_104820","lx_se_80680","lx_se_21621","lx_se_21625","lx_se_23334","lx_se_83847","lx_85572","lx_se_34650","lx_se_39114","lx_118069","lx_90036","lx_se_45762"]},"energy_utils":{"param":"source","values":["lx_71636","lx_se_114629","lx_se_3063","lx_75753","lx_se_12712","lx_79011","lx_se_189850","lx_104804","lx_79307","lx_80652","lx_se_121906","lx_22266","lx_82850","lx_104856","lx_33301","lx_se_85705","lx_36067","lx_se_56717","lx_87791","lx_88345","lx_88348","lx_107381","lx_se_39180","lx_se_39907","lx_se_90009","lx_90047","lx_se_49941","lx_106757","lx_92959","lx_92928","lx_180036","lx_se_101010","lx_se_54470"]},"fin_reale":{"param":"source","values":["lx_se_124622","lx_104677","lx_se_2380","lx_se_72246","lx_se_108300","lx_se_4032","lx_se_4870","lx_se_48362","lx_se_5597","lx_se_64349","lx_se_6491","lx_se_7290","lx_se_8649","lx_se_58171","lx_73596","lx_10574","lx_se_12030","lx_se_76405","lx_se_76686","lx_77578","lx_80122","lx_se_80432","lx_18501","lx_se_19013","lx_se_63339","lx_se_24808","lx_se_25073","lx_se_25071","lx_se_25105","lx_se_25556","lx_se_25561","lx_se_83596","lx_85205","lx_se_32322","lx_33727","lx_se_33414","lx_se_87630","lx_se_34693","lx_se_57457","lx_se_62506","lx_104990","lx_se_38617","lx_se_39907","lx_se_105002","lx_se_40306","lx_88861","lx_100641","lx_se_40431","lx_se_89439","lx_se_105014","lx_se_90024","lx_44150","lx_91081","lx_44795","lx_223395","lx_se_49091","lx_se_82674","lx_se_49865","lx_se_53132"]},"health_care":{"param":"source","values":["lx_se_2455","lx_se_72230","lx_se_6009","lx_se_5965","lx_5972","lx_se_9226","lx_se_48442","lx_75585","lx_se_75754","lx_se_11573","lx_77822","lx_77827","lx_14713","lx_se_79268","lx_se_17999","lx_se_18252","lx_se_18249","lx_se_61329","lx_20447","lx_22458","lx_se_82238","lx_se_22508","lx_83276","lx_83451","lx_133239","lx_se_24954","lx_82874","lx_85635","lx_88965","lx_se_27015","lx_se_31758","lx_se_31875","lx_85599","lx_se_32058","lx_se_33290","lx_se_70288","lx_191344","lx_140489","lx_179298","lx_se_38892","lx_90016","lx_134551","lx_176499","lx_191025"]},"indu":{"param":"source","values":["lx_se_71628","lx_se_71453","lx_se_1574","lx_71791","lx_se_1587","lx_se_71798","lx_se_93773","lx_se_1599","lx_72151","lx_72430","lx_se_3148","lx_72342","lx_98911","lx_se_73643","lx_60797","lx_105978","lx_210013","lx_75023","lx_118050","lx_104767","lx_se_11501","lx_13240","lx_se_16080","lx_se_79231","lx_se_18662","lx_se_80562","lx_116094","lx_83248","lx_se_24808","lx_74887","lx_se_24989","lx_se_24945","lx_84005","lx_se_30828","lx_197597","lx_se_85311","lx_85790","lx_32727","lx_34615","lx_se_39675","lx_89157","lx_se_41415","lx_se_43796","lx_se_45814","lx_91589"]},"macro":{"param":"source","values":["lx_se_124622","lx_4854","lx_4878","lx_4883","lx_4888","lx_7356","lx_7358","lx_76334","lx_se_48509","lx_17228","lx_18038","lx_se_83559","lx_se_36032","lx_213718","lx_50689","lx_51124"]},"material":{"param":"source","values":["lx_se_988","lx_71642","lx_se_2472","lx_5100","lx_se_7288","lx_se_9144","lx_75447","lx_75450","lx_75443","lx_104754","lx_75454","lx_76078","lx_75449","lx_85301","lx_se_85919","lx_se_39332","lx_se_39335","lx_se_42919","lx_se_42920","lx_86039"]},"tech_tele":{"param":"source","values":["lx_71785","lx_1563","lx_se_8261","lx_76004","lx_76046","lx_120788","lx_77860","lx_14170","lx_se_79041","lx_80117","lx_80198","lx_81978","lx_23976","lx_82845","lx_82853","lx_104855","lx_24806","lx_se_100808","lx_se_83730","lx_85302","lx_34520","lx_se_35108","lx_75002","lx_88820","lx_se_39675","lx_106072","lx_90279","lx_45820","lx_45817","lx_se_43796","lx_47769","lx_se_54126","lx_55233"]},"pr_rel":{"param":"source","values":["lx_87245","lx_se_23246","lx_90838","lx_91113","lx_105028","lx_75882","lx_87336","lx_189571"]},"misc":{"param":"source","values":["lx_104701","lx_99282","lx_89990","lx_99283","lx_10505","lx_67772","lx_82763","lx_83236","lx_179238","lx_se_24989","lx_59700","lx_31466","lx_77865","lx_33727","lx_108076","lx_45791","lx_191100","lx_49703","lx_50297"]}}},"sector":{},"regions":{},"date":{},"source":{},"language":{},"other":{},"section":{}}]]>
              </value>
            </param>
          </params>
          <reporter-output>
          </reporter-output>
        </test-method> <!-- fetchsearch_doctype -->
        <test-method is-config="true" signature="initVerify()[pri:0, instance:com.sentieo.docsearch.DocumentSearch@649bec2e]" started-at="2022-07-26T13:40:25Z" name="initVerify" finished-at="2022-07-26T13:40:25Z" duration-ms="1" status="PASS">
          <reporter-output>
          </reporter-output>
        </test-method> <!-- initVerify -->
        <test-method signature="fetchsearch_doctype(java.lang.String, java.lang.String)[pri:0, instance:com.sentieo.docsearch.DocumentSearch@649bec2e]" started-at="2022-07-26T13:40:25Z" name="fetchsearch_doctype" description="applying doc type filters" data-provider="test_doctype_Filter" finished-at="2022-07-26T13:40:27Z" duration-ms="2034" status="PASS">
          <params>
            <param index="0">
              <value>
                <![CDATA[aapl]]>
              </value>
            </param>
            <param index="1">
              <value>
                <![CDATA[{"ticker":{},"doctype":{"ni":{"Tags":{"param":"tags","values":["#earningsrelease","#management","#earningsannounce","#dividend","#acquisition","#partnership","#drug","#stock","#ipo","#stocksplit","#spinoff","#others"]},"Source":{"param":"rep_subjects","values":["gpr","pr","bw","gnw","mw","uk_disc","cnw","nwca","nw","acw","acn","act","abn","fsc","to"]}}},"sector":{},"regions":{},"date":{},"source":{},"language":{},"other":{},"section":{}}]]>
              </value>
            </param>
          </params>
          <reporter-output>
          </reporter-output>
        </test-method> <!-- fetchsearch_doctype -->
        <test-method signature="fetchsearch_doctype(java.lang.String, java.lang.String)[pri:0, instance:com.sentieo.docsearch.DocumentSearch@649bec2e]" started-at="2022-07-26T13:40:27Z" name="fetchsearch_doctype" description="applying doc type filters" data-provider="test_doctype_Filter" finished-at="2022-07-26T13:40:28Z" duration-ms="1714" status="PASS">
          <params>
            <param index="0">
              <value>
                <![CDATA[aapl]]>
              </value>
            </param>
            <param index="1">
              <value>
                <![CDATA[{"ticker":{},"sector":{},"date":{},"regions":{},"section":{},"source":{},"language":{},"other":{},"doctype":{"note":{"note-type":{"param":"note_subtype","values":["note","email","attachment","clipper","starred","plotter","sntclipper","thesis"]},"note_origin":{"param":"note_origin","values":["sentieo","","clipper","onenote"]},"note_topic":{"param":"note_topic","values":["(Uncategorized)","Meeting","Earnings","General","Sellside","Transcript","90fd032b","general","tejbir_test","test_category"]},"username":{"param":"note_authors","values":["autotester","test.thesis5","test.auto3","anudiptta.de","atish.garg","testshare.notes","test.automate","malika.jain","tejbir.singh","hemant.bhatia","bhuvnesh","bhaskar","sangeeta.nandal","testing.akash","user.test8","neeti.bhatia","devesh.arora","shubham.walia","test4098","sonia","deepak.saka","dhriti.nogia","suvarna.vashistha","test.food","test.zzz","gaurav.anand","ok.bye","sanjay.saini","test.armani","kapil.sardana","navreet","rakesh.sadu","test.ttt","logitech","test.usercheck513","aditya.prajapati","alap","anurag","rajeev","test.basic4","test.march","test0000","tsession"]},"usertags":{"param":"usertags","values":[]}}},"exchange":{},"activity":{}}]]>
              </value>
            </param>
          </params>
          <reporter-output>
          </reporter-output>
        </test-method> <!-- fetchsearch_doctype -->
        <test-method is-config="true" signature="initVerify()[pri:0, instance:com.sentieo.docsearch.DocumentSearch@649bec2e]" started-at="2022-07-26T13:40:27Z" name="initVerify" finished-at="2022-07-26T13:40:27Z" duration-ms="0" status="PASS">
          <reporter-output>
          </reporter-output>
        </test-method> <!-- initVerify -->
        <test-method is-config="true" signature="initVerify()[pri:0, instance:com.sentieo.docsearch.DocumentSearch@649bec2e]" started-at="2022-07-26T13:40:28Z" name="initVerify" finished-at="2022-07-26T13:40:28Z" duration-ms="1" status="PASS">
          <reporter-output>
          </reporter-output>
        </test-method> <!-- initVerify -->
        <test-method signature="fetchsearch_doctype(java.lang.String, java.lang.String)[pri:0, instance:com.sentieo.docsearch.DocumentSearch@649bec2e]" started-at="2022-07-26T13:40:28Z" name="fetchsearch_doctype" description="applying doc type filters" data-provider="test_doctype_Filter" finished-at="2022-07-26T13:40:30Z" duration-ms="1723" status="PASS">
          <params>
            <param index="0">
              <value>
                <![CDATA[]]>
              </value>
            </param>
            <param index="1">
              <value>
                <![CDATA[{"ticker":{},"doctype":{"reg":{"reg":{"param":"filing_subtype","values":["fda","epa"]}}},"sector":{},"regions":{},"date":{},"source":{},"language":{},"other":{},"section":{}}]]>
              </value>
            </param>
          </params>
          <reporter-output>
          </reporter-output>
        </test-method> <!-- fetchsearch_doctype -->
        <test-method is-config="true" signature="initVerify()[pri:0, instance:com.sentieo.docsearch.DocumentSearch@649bec2e]" started-at="2022-07-26T13:40:30Z" name="initVerify" finished-at="2022-07-26T13:40:30Z" duration-ms="0" status="PASS">
          <reporter-output>
          </reporter-output>
        </test-method> <!-- initVerify -->
        <test-method signature="fetchsearch_doctype(java.lang.String, java.lang.String)[pri:0, instance:com.sentieo.docsearch.DocumentSearch@649bec2e]" started-at="2022-07-26T13:40:30Z" name="fetchsearch_doctype" description="applying doc type filters" data-provider="test_doctype_Filter" finished-at="2022-07-26T13:40:32Z" duration-ms="2410" status="PASS">
          <params>
            <param index="0">
              <value>
                <![CDATA[]]>
              </value>
            </param>
            <param index="1">
              <value>
                <![CDATA[{"ticker":{},"doctype":{"reg":{"reg":{"param":"filing_subtype","values":["fda","epa"]}}},"sector":{},"regions":{},"date":{},"source":{},"language":{},"other":{},"section":{}}]]>
              </value>
            </param>
          </params>
          <reporter-output>
          </reporter-output>
        </test-method> <!-- fetchsearch_doctype -->
        <test-method is-config="true" signature="initVerify()[pri:0, instance:com.sentieo.docsearch.DocumentSearch@649bec2e]" started-at="2022-07-26T13:40:32Z" name="initVerify" finished-at="2022-07-26T13:40:32Z" duration-ms="0" status="PASS">
          <reporter-output>
          </reporter-output>
        </test-method> <!-- initVerify -->
        <test-method signature="fetchsearch_doctype(java.lang.String, java.lang.String)[pri:0, instance:com.sentieo.docsearch.DocumentSearch@649bec2e]" started-at="2022-07-26T13:40:32Z" name="fetchsearch_doctype" description="applying doc type filters" data-provider="test_doctype_Filter" finished-at="2022-07-26T13:40:32Z" duration-ms="1" status="PASS">
          <params>
            <param index="0">
              <value>
                <![CDATA[]]>
              </value>
            </param>
            <param index="1">
              <value>
                <![CDATA[{"ticker":{"":{"":{"param":"filter_tickers","values":[]},"additional_tickers":{"param":"filter_tickers","values":["31122"]}}},"sector":{},"date":{},"regions":{},"section":{},"source":{},"language":{},"other":{},"doctype":{},"exchange":{}}]]>
              </value>
            </param>
          </params>
          <reporter-output>
          </reporter-output>
        </test-method> <!-- fetchsearch_doctype -->
        <test-method signature="fetchsearch_nodoc_1()[pri:0, instance:com.sentieo.docsearch.DocumentSearch@649bec2e]" started-at="2022-07-26T13:40:32Z" name="fetchsearch_nodoc_1" description="for getting form count for doc subtypes" finished-at="2022-07-26T13:40:34Z" duration-ms="2062" status="PASS">
          <reporter-output>
          </reporter-output>
        </test-method> <!-- fetchsearch_nodoc_1 -->
        <test-method is-config="true" signature="initVerify()[pri:0, instance:com.sentieo.docsearch.DocumentSearch@649bec2e]" started-at="2022-07-26T13:40:32Z" name="initVerify" finished-at="2022-07-26T13:40:32Z" duration-ms="0" status="PASS">
          <reporter-output>
          </reporter-output>
        </test-method> <!-- initVerify -->
        <test-method signature="fetchsearch_nodoc_2()[pri:0, instance:com.sentieo.docsearch.DocumentSearch@649bec2e]" started-at="2022-07-26T13:40:34Z" name="fetchsearch_nodoc_2" description="Ticker pagination from ticker filter " finished-at="2022-07-26T13:40:37Z" duration-ms="2231" status="PASS">
          <reporter-output>
          </reporter-output>
        </test-method> <!-- fetchsearch_nodoc_2 -->
        <test-method is-config="true" signature="initVerify()[pri:0, instance:com.sentieo.docsearch.DocumentSearch@649bec2e]" started-at="2022-07-26T13:40:34Z" name="initVerify" finished-at="2022-07-26T13:40:34Z" duration-ms="0" status="PASS">
          <reporter-output>
          </reporter-output>
        </test-method> <!-- initVerify -->
        <test-method is-config="true" signature="initVerify()[pri:0, instance:com.sentieo.docsearch.DocumentSearch@649bec2e]" started-at="2022-07-26T13:40:37Z" name="initVerify" finished-at="2022-07-26T13:40:37Z" duration-ms="0" status="PASS">
          <reporter-output>
          </reporter-output>
        </test-method> <!-- initVerify -->
        <test-method signature="fetchsearch_nodoc_4()[pri:0, instance:com.sentieo.docsearch.DocumentSearch@649bec2e]" started-at="2022-07-26T13:40:37Z" name="fetchsearch_nodoc_4" description="ticker with no pagination " finished-at="2022-07-26T13:40:39Z" duration-ms="2043" status="PASS">
          <reporter-output>
          </reporter-output>
        </test-method> <!-- fetchsearch_nodoc_4 -->
        <test-method signature="fetchsearch_nodoc_5()[pri:0, instance:com.sentieo.docsearch.DocumentSearch@649bec2e]" started-at="2022-07-26T13:40:39Z" name="fetchsearch_nodoc_5" description="save as spreadsheet from action menu " finished-at="2022-07-26T13:40:46Z" duration-ms="7019" status="PASS">
          <reporter-output>
          </reporter-output>
        </test-method> <!-- fetchsearch_nodoc_5 -->
        <test-method is-config="true" signature="initVerify()[pri:0, instance:com.sentieo.docsearch.DocumentSearch@649bec2e]" started-at="2022-07-26T13:40:39Z" name="initVerify" finished-at="2022-07-26T13:40:39Z" duration-ms="0" status="PASS">
          <reporter-output>
          </reporter-output>
        </test-method> <!-- initVerify -->
        <test-method signature="fetchsearch_nodoc_6()[pri:0, instance:com.sentieo.docsearch.DocumentSearch@649bec2e]" started-at="2022-07-26T13:40:46Z" name="fetchsearch_nodoc_6" description="getting facets count" finished-at="2022-07-26T13:40:49Z" duration-ms="3038" status="PASS">
          <reporter-output>
          </reporter-output>
        </test-method> <!-- fetchsearch_nodoc_6 -->
        <test-method is-config="true" signature="initVerify()[pri:0, instance:com.sentieo.docsearch.DocumentSearch@649bec2e]" started-at="2022-07-26T13:40:46Z" name="initVerify" finished-at="2022-07-26T13:40:46Z" duration-ms="0" status="PASS">
          <reporter-output>
          </reporter-output>
        </test-method> <!-- initVerify -->
        <test-method is-config="true" signature="initVerify()[pri:0, instance:com.sentieo.docsearch.DocumentSearch@649bec2e]" started-at="2022-07-26T13:40:49Z" name="initVerify" finished-at="2022-07-26T13:40:49Z" duration-ms="1" status="PASS">
          <reporter-output>
          </reporter-output>
        </test-method> <!-- initVerify -->
        <test-method signature="fetchsearch_nodoc_7()[pri:0, instance:com.sentieo.docsearch.DocumentSearch@649bec2e]" started-at="2022-07-26T13:40:49Z" name="fetchsearch_nodoc_7" description="for screener tickers " finished-at="2022-07-26T13:40:55Z" duration-ms="5780" status="PASS">
          <reporter-output>
          </reporter-output>
        </test-method> <!-- fetchsearch_nodoc_7 -->
        <test-method is-config="true" signature="initVerify()[pri:0, instance:com.sentieo.docsearch.DocumentSearch@649bec2e]" started-at="2022-07-26T13:40:55Z" name="initVerify" finished-at="2022-07-26T13:40:55Z" duration-ms="0" status="PASS">
          <reporter-output>
          </reporter-output>
        </test-method> <!-- initVerify -->
        <test-method signature="fetchsearch_nodoc_8()[pri:0, instance:com.sentieo.docsearch.DocumentSearch@649bec2e]" started-at="2022-07-26T13:40:55Z" name="fetchsearch_nodoc_8" description="for export hits from action menu " finished-at="2022-07-26T13:40:56Z" duration-ms="1596" status="PASS">
          <reporter-output>
          </reporter-output>
        </test-method> <!-- fetchsearch_nodoc_8 -->
        <test-method signature="fetchsearch_nodoc_9()[pri:0, instance:com.sentieo.docsearch.DocumentSearch@649bec2e]" started-at="2022-07-26T13:40:56Z" name="fetchsearch_nodoc_9" description="for score debug spreadsheet " finished-at="2022-07-26T13:40:58Z" duration-ms="1753" status="PASS">
          <reporter-output>
          </reporter-output>
        </test-method> <!-- fetchsearch_nodoc_9 -->
        <test-method is-config="true" signature="initVerify()[pri:0, instance:com.sentieo.docsearch.DocumentSearch@649bec2e]" started-at="2022-07-26T13:40:56Z" name="initVerify" finished-at="2022-07-26T13:40:56Z" duration-ms="0" status="PASS">
          <reporter-output>
          </reporter-output>
        </test-method> <!-- initVerify -->
        <test-method signature="test_doctype_query(java.lang.String, java.lang.String, java.lang.String)[pri:0, instance:com.sentieo.docsearch.DocumentSearch@649bec2e]" started-at="2022-07-26T13:40:58Z" name="test_doctype_query" description="doc search with queries" data-provider="test_doctype_query" finished-at="2022-07-26T13:41:00Z" duration-ms="1720" status="PASS">
          <params>
            <param index="0">
              <value>
                <![CDATA[aapl]]>
              </value>
            </param>
            <param index="1">
              <value>
                <![CDATA[sales]]>
              </value>
            </param>
            <param index="2">
              <value>
                <![CDATA[{"ticker":{},"doctype":{"ef":{"QA":{"values":["10-k","10-k/a"],"param":"filing_subtype"},"ECM":{"param":"filing_subtype","values":[]},"ADR":{"param":"filing_subtype","values":[]},"prx":{"param":"filing_subtype","values":[]},"OR":{"param":"filing_subtype","values":[]},"hdr":{"param":"filing_subtype","values":[]},"emben":{"param":"filing_subtype","values":[]},"intran":{"param":"filing_subtype","values":[]},"other_subtype":{"param":"filing_subtype","values":[]}}},"sector":{},"regions":{},"date":{},"source":{},"language":{},"other":{},"section":{}}]]>
              </value>
            </param>
          </params>
          <reporter-output>
          </reporter-output>
        </test-method> <!-- test_doctype_query -->
        <test-method is-config="true" signature="initVerify()[pri:0, instance:com.sentieo.docsearch.DocumentSearch@649bec2e]" started-at="2022-07-26T13:40:58Z" name="initVerify" finished-at="2022-07-26T13:40:58Z" duration-ms="0" status="PASS">
          <reporter-output>
          </reporter-output>
        </test-method> <!-- initVerify -->
        <test-method signature="test_doctype_query(java.lang.String, java.lang.String, java.lang.String)[pri:0, instance:com.sentieo.docsearch.DocumentSearch@649bec2e]" started-at="2022-07-26T13:41:00Z" name="test_doctype_query" description="doc search with queries" data-provider="test_doctype_query" finished-at="2022-07-26T13:41:01Z" duration-ms="1837" status="PASS">
          <params>
            <param index="0">
              <value>
                <![CDATA[msft]]>
              </value>
            </param>
            <param index="1">
              <value>
                <![CDATA[sales AND marketing]]>
              </value>
            </param>
            <param index="2">
              <value>
                <![CDATA[{"ticker":{},"doctype":{"ef":{"QA":{"values":["10-q","10-q/a"],"param":"filing_subtype"},"ECM":{"param":"filing_subtype","values":[]},"ADR":{"param":"filing_subtype","values":[]},"prx":{"param":"filing_subtype","values":[]},"OR":{"param":"filing_subtype","values":[]},"hdr":{"param":"filing_subtype","values":[]},"emben":{"param":"filing_subtype","values":[]},"intran":{"param":"filing_subtype","values":[]},"other_subtype":{"param":"filing_subtype","values":[]}}},"sector":{},"regions":{},"date":{},"source":{},"language":{},"other":{},"section":{}}]]>
              </value>
            </param>
          </params>
          <reporter-output>
          </reporter-output>
        </test-method> <!-- test_doctype_query -->
        <test-method is-config="true" signature="initVerify()[pri:0, instance:com.sentieo.docsearch.DocumentSearch@649bec2e]" started-at="2022-07-26T13:41:00Z" name="initVerify" finished-at="2022-07-26T13:41:00Z" duration-ms="0" status="PASS">
          <reporter-output>
          </reporter-output>
        </test-method> <!-- initVerify -->
        <test-method is-config="true" signature="initVerify()[pri:0, instance:com.sentieo.docsearch.DocumentSearch@649bec2e]" started-at="2022-07-26T13:41:01Z" name="initVerify" finished-at="2022-07-26T13:41:01Z" duration-ms="0" status="PASS">
          <reporter-output>
          </reporter-output>
        </test-method> <!-- initVerify -->
        <test-method signature="test_doctype_query(java.lang.String, java.lang.String, java.lang.String)[pri:0, instance:com.sentieo.docsearch.DocumentSearch@649bec2e]" started-at="2022-07-26T13:41:01Z" name="test_doctype_query" description="doc search with queries" data-provider="test_doctype_query" finished-at="2022-07-26T13:41:03Z" duration-ms="1848" status="PASS">
          <params>
            <param index="0">
              <value>
                <![CDATA[googl]]>
              </value>
            </param>
            <param index="1">
              <value>
                <![CDATA[china OR profit]]>
              </value>
            </param>
            <param index="2">
              <value>
                <![CDATA[{"ticker":{},"doctype":{"ef":{"QA":{"param":"filing_subtype","values":["10-q","10-k","nt 10-q","nt 10-k","10qsb","10ksb","10-q/a","10-k/a","10qsb/a","10ksb/a"]},"ECM":{"param":"filing_subtype","values":["8-k agreement","8-k credit","8-k earnings","8-k mgmt","8-k restruct","8-k update","8-k voting","8-k other","425","s-4","8-k/a","s-4/a"]},"ADR":{"param":"filing_subtype","values":["6-k","20-f","40-f","6-k/a"]},"prx":{"param":"filing_subtype","values":["def 14a","defa14a","pre 14a","dfan14a","def 14c","prer14a","pre 14c","497","defr14a","n-px","defm14a","prec14a","prer14c","prem14a","prrn14a","defc14a","prem14c","pren14a","defn14a","defa14c","defr14c","defm14c","dfrn14a","n-px/a","prec14c","defc14c"]},"OR":{"param":"filing_subtype","values":["424b2","424b3","fwp","424b5","s-1/a","pos am","s-3","s-1","8-a12b","s-3asr","s-3/a","424b4","10-12g/a","10-12b/a","f-1","f-3","10-12g","s-11","10-12b","sb-1"]},"hdr":{"param":"filing_subtype","values":["sc 13g/a","sc 13g","sc 13d/a","sc 13d","13f-hr","13f-hr/a"]},"emben":{"param":"filing_subtype","values":["s-8","11-k","s-8 pos"]},"intran":{"param":"filing_subtype","values":["form-3","form-4","form-5","form-3/a","form-4/a","form-5/a"]},"other_subtype":{"param":"filing_subtype","values":["1-a","1-a pos","1-a-w","1-a/a","1-e","1-e/a","1-z","10-d","10-d/a","10-k405","10-k405/a","10-kt","10-kt/a","10-qt","10-qt/a","10ksb40","10kt405","10sb12b","10sb12b/a","10sb12g","10sb12g/a","11-k/a","11-kt","11-kt/a","13f-nt","13f-nt/a","144","144/a","15-12b","15-12b/a","15-12g","15-12g/a","15-15d","15-15d/a","15f-12b","15f-12b/a","15f-12g","15f-12g/a","15f-15d","15f-15d/a","18-k","2-e","2-e/a","20-f/a","20fr12b","20fr12b/a","20fr12g","20fr12g/a","24f-2nt","24f-2nt/a","25","25-nse","25-nse/a","25/a","3","305b2","305b2/a","35-cert","35-cert/a","40-17f1","40-17f2","40-17f2/a","40-17g","40-17g/a","40-33","40-6b","40-6b/a","40-8b25","40-8f-2","40-8f-2/a","40-app","40-app/a","40-f/a","40-oip","40-oip/a","40fr12b","40fr12b/a","40fr12g","40fr12g/a","424a","424b1","424b7","424b8","485apos","485bpos","485bxt","486bpos","497ad","497h2","497j","497k","6b ntc","6b ordr","8-a12b/a","8-a12g","8-a12g/a","8-k12b","8-k12b/a","8-k12g3","8-k12g3/a","8-k15d5","abs-15g","abs-15g/a","annlrpt","app ntc","app ordr","app wd","app wd/a","app wdg","ars","ars/a","aw","aw wd","cb","cb/a","corresp","ct order","d","d/a","defs14a","del am","drs","drs/a","drsltr","effect","f-1/a","f-10","f-10/a","f-10ef","f-10pos","f-1mef","f-2","f-2/a","f-3/a","f-3asr","f-3d","f-3dpos","f-3mef","f-4","f-4 pos","f-4/a","f-4mef","f-6","f-6 pos","f-6/a","f-6ef","f-7","f-7/a","f-8","f-8 pos","f-8/a","f-80","f-80/a","f-80pos","f-9","f-9 pos","f-9/a","f-9ef","f-n","f-n/a","f-x","f-x/a","irannotice","n-1/a","n-14","n-14 8c","n-14 8c/a","n-14/a","n-14ae","n-14ae/a","n-14mef","n-18f1","n-1a","n-1a/a","n-2","n-2/a","n-23c-1","n-23c-2","n-23c-2/a","n-23c3a","n-23c3a/a","n-2mef","n-30b-2","n-30d","n-30d/a","n-54a","n-54c","n-54c/a","n-6f","n-6f/a","n-8a","n-8a/a","n-8f","n-8f ntc","n-8f/a","n-csr","n-csr/a","n-csrs","n-csrs/a","n-mfp","n-mfp/a","n-mfp1","n-q","n-q/a","nsar-a","nsar-b","nsar-u","nsar-u/a","nt 10-k/a","nt 10-q/a","nt 11-k","nt 11-k/a","nt 15d2","nt 20-f","nt 20-f/a","nt-ncsr","nt-nsar","nt-nsar/a","ntfnsar","ntn 10k","ntn 10q","ntn 20f","pos 8c","pos amc","pos ami","pos ex","pos462b","pos462c","posasr","pres14a","px14a6g","px14a6n","qualif","regdex/a","revoked","rw","rw wd","s-11/a","s-11mef","s-1mef","s-2","s-2/a","s-2mef","s-3d","s-3dpos","s-3mef","s-4 pos","s-4ef","s-4ef/a","s-4mef","s-b","s-b/a","sb-1/a","sb-2","sb-2/a","sb-2mef","sc 13e1","sc 13e1/a","sc 13e3","sc 13e3/a","sc 14d9","sc 14d9/a","sc 14f1","sc 14f1/a","sc to-c","sc to-i","sc to-i/a","sc to-t","sc to-t/a","sc13e4f","sc13e4f/a","sc14d1f","sc14d1f/a","sc14d9c","sc14d9f","sc14d9f/a","sd","sd/a","sp 15d2","sp 15d2/a","suppl","t-3","t-3/a","u-1","u-1/a","u-12-ia","u-12-ib","u-13-60","u-13-60/a","u-33-s","u-3a-2","u-3a-2/a","u-57","u-57/a","u-6b-2","u-9c-3","u-9c-3/a","u5a","u5a/a","u5b","u5s","u5s/a","under","upload","certnys","no act","certpac","13fconp","g-405n","u-3a3-1","sc 14d1","ttw","485a24f","485a24e","39-304d","1-a-w/a","n-cr/a","19b-4","26","adv-h-c","pre13e3","s-6","prea14a","defs14c","adv-h-t","msd/a","advco","sc 14d1/a","ta-2","ta-1","s-20","f-7 pos","g-fin/a","cfportal","reg-nr/
[...]
        <test-method signature="fetchsavedfilters()[pri:0, instance:com.sentieo.docsearch.DocSearchRestApi@4e096385]" started-at="2022-07-26T13:39:18Z" name="fetchsavedfilters" description="Fetch saved filters" finished-at="2022-07-26T13:39:19Z" duration-ms="1473" status="PASS">
          <reporter-output>
          </reporter-output>
        </test-method> <!-- fetchsavedfilters -->
        <test-method is-config="true" signature="initVerify()[pri:0, instance:com.sentieo.docsearch.DocSearchRestApi@4e096385]" started-at="2022-07-26T13:39:19Z" name="initVerify" finished-at="2022-07-26T13:39:19Z" duration-ms="1" status="PASS">
          <reporter-output>
          </reporter-output>
        </test-method> <!-- initVerify -->
        <test-method signature="fetchsearchlibrary()[pri:0, instance:com.sentieo.docsearch.DocSearchRestApi@4e096385]" started-at="2022-07-26T13:39:19Z" name="fetchsearchlibrary" description="fetch_searchlibrary" finished-at="2022-07-26T13:39:21Z" duration-ms="1809" status="PASS">
          <reporter-output>
          </reporter-output>
        </test-method> <!-- fetchsearchlibrary -->
        <test-method signature="get_bulk_download_doc(java.lang.String, java.lang.String)[pri:0, instance:com.sentieo.docsearch.DocSearchRestApi@4e096385]" started-at="2022-07-26T13:39:21Z" name="get_bulk_download_doc" description="get_bulk_download_doc" data-provider="fetch_search_SearchOnly" finished-at="2022-07-26T13:39:22Z" duration-ms="1520" status="PASS">
          <params>
            <param index="0">
              <value>
                <![CDATA[5dd50c65944a840281000eec]]>
              </value>
            </param>
            <param index="1">
              <value>
                <![CDATA[1]]>
              </value>
            </param>
          </params>
          <reporter-output>
          </reporter-output>
        </test-method> <!-- get_bulk_download_doc -->
        <test-method is-config="true" signature="initVerify()[pri:0, instance:com.sentieo.docsearch.DocSearchRestApi@4e096385]" started-at="2022-07-26T13:39:21Z" name="initVerify" finished-at="2022-07-26T13:39:21Z" duration-ms="0" status="PASS">
          <reporter-output>
          </reporter-output>
        </test-method> <!-- initVerify -->
        <test-method signature="get_doc_pdf(java.lang.String, java.lang.String)[pri:0, instance:com.sentieo.docsearch.DocSearchRestApi@4e096385]" started-at="2022-07-26T13:39:22Z" name="get_doc_pdf" description="get_doc_pdf" data-provider="fetch_search_SearchOnly" finished-at="2022-07-26T13:39:28Z" duration-ms="5573" status="PASS">
          <params>
            <param index="0">
              <value>
                <![CDATA[5c3e879630226a4703000072]]>
              </value>
            </param>
            <param index="1">
              <value>
                <![CDATA[1]]>
              </value>
            </param>
          </params>
          <reporter-output>
          </reporter-output>
        </test-method> <!-- get_doc_pdf -->
        <test-method is-config="true" signature="initVerify()[pri:0, instance:com.sentieo.docsearch.DocSearchRestApi@4e096385]" started-at="2022-07-26T13:39:22Z" name="initVerify" finished-at="2022-07-26T13:39:22Z" duration-ms="0" status="PASS">
          <reporter-output>
          </reporter-output>
        </test-method> <!-- initVerify -->
        <test-method signature="get_doc_pdf(java.lang.String, java.lang.String)[pri:0, instance:com.sentieo.docsearch.DocSearchRestApi@4e096385]" started-at="2022-07-26T13:39:28Z" name="get_doc_pdf" description="get_doc_pdf" data-provider="fetch_search_SearchOnly" finished-at="2022-07-26T13:39:31Z" duration-ms="3000" status="PASS">
          <params>
            <param index="0">
              <value>
                <![CDATA[5fe00c54bfd09609ad1b60a3]]>
              </value>
            </param>
            <param index="1">
              <value>
                <![CDATA[1]]>
              </value>
            </param>
          </params>
          <reporter-output>
          </reporter-output>
        </test-method> <!-- get_doc_pdf -->
        <test-method is-config="true" signature="initVerify()[pri:0, instance:com.sentieo.docsearch.DocSearchRestApi@4e096385]" started-at="2022-07-26T13:39:28Z" name="initVerify" finished-at="2022-07-26T13:39:28Z" duration-ms="0" status="PASS">
          <reporter-output>
          </reporter-output>
        </test-method> <!-- initVerify -->
        <test-method signature="get_doc_pdf(java.lang.String, java.lang.String)[pri:0, instance:com.sentieo.docsearch.DocSearchRestApi@4e096385]" started-at="2022-07-26T13:39:31Z" name="get_doc_pdf" description="get_doc_pdf" data-provider="fetch_search_SearchOnly" finished-at="2022-07-26T13:39:33Z" duration-ms="2347" status="PASS">
          <params>
            <param index="0">
              <value>
                <![CDATA[5fdc68db90298f172e25b2ac]]>
              </value>
            </param>
            <param index="1">
              <value>
                <![CDATA[1]]>
              </value>
            </param>
          </params>
          <reporter-output>
          </reporter-output>
        </test-method> <!-- get_doc_pdf -->
        <test-method is-config="true" signature="initVerify()[pri:0, instance:com.sentieo.docsearch.DocSearchRestApi@4e096385]" started-at="2022-07-26T13:39:31Z" name="initVerify" finished-at="2022-07-26T13:39:31Z" duration-ms="0" status="PASS">
          <reporter-output>
          </reporter-output>
        </test-method> <!-- initVerify -->
        <test-method is-config="true" signature="initVerify()[pri:0, instance:com.sentieo.docsearch.DocSearchRestApi@4e096385]" started-at="2022-07-26T13:39:33Z" name="initVerify" finished-at="2022-07-26T13:39:33Z" duration-ms="1" status="PASS">
          <reporter-output>
          </reporter-output>
        </test-method> <!-- initVerify -->
        <test-method signature="get_doc_pdf(java.lang.String, java.lang.String)[pri:0, instance:com.sentieo.docsearch.DocSearchRestApi@4e096385]" started-at="2022-07-26T13:39:33Z" name="get_doc_pdf" description="get_doc_pdf" data-provider="fetch_search_SearchOnly" finished-at="2022-07-26T13:39:36Z" duration-ms="2445" status="PASS">
          <params>
            <param index="0">
              <value>
                <![CDATA[5fdc10da90298f172e25b13b]]>
              </value>
            </param>
            <param index="1">
              <value>
                <![CDATA[1]]>
              </value>
            </param>
          </params>
          <reporter-output>
          </reporter-output>
        </test-method> <!-- get_doc_pdf -->
        <test-method signature="get_docnote_pdf()[pri:0, instance:com.sentieo.docsearch.DocSearchRestApi@4e096385]" started-at="2022-07-26T13:39:36Z" name="get_docnote_pdf" description="pdf view for note documents" finished-at="2022-07-26T13:39:38Z" duration-ms="1896" status="PASS">
          <reporter-output>
          </reporter-output>
        </test-method> <!-- get_docnote_pdf -->
        <test-method is-config="true" signature="initVerify()[pri:0, instance:com.sentieo.docsearch.DocSearchRestApi@4e096385]" started-at="2022-07-26T13:39:36Z" name="initVerify" finished-at="2022-07-26T13:39:36Z" duration-ms="0" status="PASS">
          <reporter-output>
          </reporter-output>
        </test-method> <!-- initVerify -->
        <test-method is-config="true" signature="initVerify()[pri:0, instance:com.sentieo.docsearch.DocSearchRestApi@4e096385]" started-at="2022-07-26T13:39:38Z" name="initVerify" finished-at="2022-07-26T13:39:38Z" duration-ms="0" status="PASS">
          <reporter-output>
          </reporter-output>
        </test-method> <!-- initVerify -->
        <test-method signature="get_user_downloaded_docs_status()[pri:0, instance:com.sentieo.docsearch.DocSearchRestApi@4e096385]" started-at="2022-07-26T13:39:38Z" name="get_user_downloaded_docs_status" description="get_user_downloaded_docs_status " finished-at="2022-07-26T13:39:39Z" duration-ms="1602" status="PASS">
          <reporter-output>
          </reporter-output>
        </test-method> <!-- get_user_downloaded_docs_status -->
        <test-method signature="index_user_viewed_doc()[pri:0, instance:com.sentieo.docsearch.DocSearchRestApi@4e096385]" started-at="2022-07-26T13:39:39Z" name="index_user_viewed_doc" description="used to view document when user clicks doc from search result" finished-at="2022-07-26T13:39:41Z" duration-ms="1507" status="PASS">
          <reporter-output>
          </reporter-output>
        </test-method> <!-- index_user_viewed_doc -->
        <test-method is-config="true" signature="initVerify()[pri:0, instance:com.sentieo.docsearch.DocSearchRestApi@4e096385]" started-at="2022-07-26T13:39:39Z" name="initVerify" finished-at="2022-07-26T13:39:39Z" duration-ms="0" status="PASS">
          <reporter-output>
          </reporter-output>
        </test-method> <!-- initVerify -->
        <test-method is-config="true" signature="initVerify()[pri:0, instance:com.sentieo.docsearch.DocSearchRestApi@4e096385]" started-at="2022-07-26T13:39:41Z" name="initVerify" finished-at="2022-07-26T13:39:41Z" duration-ms="1" status="PASS">
          <reporter-output>
          </reporter-output>
        </test-method> <!-- initVerify -->
        <test-method signature="perform_user_save_search()[pri:0, instance:com.sentieo.docsearch.DocSearchRestApi@4e096385]" started-at="2022-07-26T13:39:41Z" name="perform_user_save_search" description="saves user searches" finished-at="2022-07-26T13:39:42Z" duration-ms="1629" status="PASS">
          <reporter-output>
          </reporter-output>
        </test-method> <!-- perform_user_save_search -->
        <test-method signature="query_suggest_autocomplete(java.lang.String, java.lang.String)[pri:0, instance:com.sentieo.docsearch.DocSearchRestApi@4e096385]" started-at="2022-07-26T13:39:42Z" name="query_suggest_autocomplete" description="query_suggest_autocomplete" data-provider="autocomplete" finished-at="2022-07-26T13:39:44Z" duration-ms="1461" status="PASS">
          <params>
            <param index="0">
              <value>
                <![CDATA[sales]]>
              </value>
            </param>
            <param index="1">
              <value>
                <![CDATA[aapl]]>
              </value>
            </param>
          </params>
          <reporter-output>
          </reporter-output>
        </test-method> <!-- query_suggest_autocomplete -->
        <test-method is-config="true" signature="initVerify()[pri:0, instance:com.sentieo.docsearch.DocSearchRestApi@4e096385]" started-at="2022-07-26T13:39:42Z" name="initVerify" finished-at="2022-07-26T13:39:42Z" duration-ms="0" status="PASS">
          <reporter-output>
          </reporter-output>
        </test-method> <!-- initVerify -->
        <test-method signature="query_suggest_autocomplete(java.lang.String, java.lang.String)[pri:0, instance:com.sentieo.docsearch.DocSearchRestApi@4e096385]" started-at="2022-07-26T13:39:44Z" name="query_suggest_autocomplete" description="query_suggest_autocomplete" data-provider="autocomplete" finished-at="2022-07-26T13:39:45Z" duration-ms="1432" status="PASS">
          <params>
            <param index="0">
              <value>
                <![CDATA[revenue]]>
              </value>
            </param>
            <param index="1">
              <value>
                <![CDATA[msft]]>
              </value>
            </param>
          </params>
          <reporter-output>
          </reporter-output>
        </test-method> <!-- query_suggest_autocomplete -->
        <test-method is-config="true" signature="initVerify()[pri:0, instance:com.sentieo.docsearch.DocSearchRestApi@4e096385]" started-at="2022-07-26T13:39:44Z" name="initVerify" finished-at="2022-07-26T13:39:44Z" duration-ms="0" status="PASS">
          <reporter-output>
          </reporter-output>
        </test-method> <!-- initVerify -->
        <test-method signature="ra__unsubscribe_feed()[pri:0, instance:com.sentieo.docsearch.DocSearchRestApi@4e096385]" started-at="2022-07-26T13:39:45Z" name="ra__unsubscribe_feed" description="Unsubscribe existing RSS Feed" finished-at="2022-07-26T13:39:47Z" duration-ms="1477" status="PASS">
          <reporter-output>
          </reporter-output>
        </test-method> <!-- ra__unsubscribe_feed -->
        <test-method is-config="true" signature="initVerify()[pri:0, instance:com.sentieo.docsearch.DocSearchRestApi@4e096385]" started-at="2022-07-26T13:39:45Z" name="initVerify" finished-at="2022-07-26T13:39:45Z" duration-ms="0" status="PASS">
          <reporter-output>
          </reporter-output>
        </test-method> <!-- initVerify -->
        <test-method is-config="true" signature="initVerify()[pri:0, instance:com.sentieo.docsearch.DocSearchRestApi@4e096385]" started-at="2022-07-26T13:39:47Z" name="initVerify" finished-at="2022-07-26T13:39:47Z" duration-ms="0" status="PASS">
          <reporter-output>
          </reporter-output>
        </test-method> <!-- initVerify -->
        <test-method signature="request_feed()[pri:0, instance:com.sentieo.docsearch.DocSearchRestApi@4e096385]" started-at="2022-07-26T13:39:47Z" name="request_feed" description="Requesting for RSS Feed" finished-at="2022-07-26T13:39:48Z" duration-ms="1412" status="PASS">
          <reporter-output>
          </reporter-output>
        </test-method> <!-- request_feed -->
        <test-method is-config="true" signature="initVerify()[pri:0, instance:com.sentieo.docsearch.DocSearchRestApi@4e096385]" started-at="2022-07-26T13:39:48Z" name="initVerify" finished-at="2022-07-26T13:39:48Z" duration-ms="1" status="PASS">
          <reporter-output>
          </reporter-output>
        </test-method> <!-- initVerify -->
        <test-method signature="update_feed()[pri:0, instance:com.sentieo.docsearch.DocSearchRestApi@4e096385]" started-at="2022-07-26T13:39:48Z" name="update_feed" description="Updating existing RSS Feed" finished-at="2022-07-26T13:39:50Z" duration-ms="1549" status="PASS">
          <reporter-output>
          </reporter-output>
        </test-method> <!-- update_feed -->
        <test-method signature="user_load_search()[pri:0, instance:com.sentieo.docsearch.DocSearchRestApi@4e096385]" started-at="2022-07-26T13:39:50Z" name="user_load_search" description="saves user searches" finished-at="2022-07-26T13:39:53Z" duration-ms="3179" status="PASS">
          <reporter-output>
          </reporter-output>
        </test-method> <!-- user_load_search -->
        <test-method is-config="true" signature="initVerify()[pri:0, instance:com.sentieo.docsearch.DocSearchRestApi@4e096385]" started-at="2022-07-26T13:39:50Z" name="initVerify" finished-at="2022-07-26T13:39:50Z" duration-ms="0" status="PASS">
          <reporter-output>
          </reporter-output>
        </test-method> <!-- initVerify -->
        <test-method signature="user_saved_search_data_load()[pri:0, instance:com.sentieo.docsearch.DocSearchRestApi@4e096385]" started-at="2022-07-26T13:39:53Z" name="user_saved_search_data_load" description="load_saved_search_data" finished-at="2022-07-26T13:39:56Z" duration-ms="3434" status="PASS">
          <reporter-output>
          </reporter-output>
        </test-method> <!-- user_saved_search_data_load -->
        <test-method is-config="true" signature="initVerify()[pri:0, instance:com.sentieo.docsearch.DocSearchRestApi@4e096385]" started-at="2022-07-26T13:39:53Z" name="initVerify" finished-at="2022-07-26T13:39:53Z" duration-ms="0" status="PASS">
          <reporter-output>
          </reporter-output>
        </test-method> <!-- initVerify -->
        <test-method is-config="true" signature="initVerify()[pri:0, instance:com.sentieo.docsearch.DocSearchRestApi@4e096385]" started-at="2022-07-26T13:39:56Z" name="initVerify" finished-at="2022-07-26T13:39:56Z" duration-ms="0" status="PASS">
          <reporter-output>
          </reporter-output>
        </test-method> <!-- initVerify -->
        <test-method signature="user_saved_search_delete()[pri:0, instance:com.sentieo.docsearch.DocSearchRestApi@4e096385]" started-at="2022-07-26T13:39:56Z" name="user_saved_search_delete" description="deletes user`s saved searches" finished-at="2022-07-26T13:39:58Z" duration-ms="1644" status="PASS">
          <reporter-output>
          </reporter-output>
        </test-method> <!-- user_saved_search_delete -->
        <test-method signature="fetch_my_broker_requests()[pri:1, instance:com.sentieo.docsearch.DocSearchRestApi@4e096385]" started-at="2022-07-26T13:41:47Z" name="fetch_my_broker_requests" description="verifying availability of added broker in my broker info" finished-at="2022-07-26T13:41:48Z" duration-ms="1469" status="PASS">
          <reporter-output>
          </reporter-output>
        </test-method> <!-- fetch_my_broker_requests -->
        <test-method is-config="true" signature="initVerify()[pri:0, instance:com.sentieo.docsearch.DocSearchRestApi@4e096385]" started-at="2022-07-26T13:41:47Z" name="initVerify" finished-at="2022-07-26T13:41:47Z" duration-ms="0" status="PASS">
          <reporter-output>
          </reporter-output>
        </test-method> <!-- initVerify -->
        <test-method signature="fetch_user_viewed_docs()[pri:1, instance:com.sentieo.docsearch.DocSearchRestApi@4e096385]" started-at="2022-07-26T13:41:48Z" name="fetch_user_viewed_docs" description="used to view document when user clicks doc from search result" finished-at="2022-07-26T13:41:51Z" duration-ms="3212" status="PASS">
          <reporter-output>
          </reporter-output>
        </test-method> <!-- fetch_user_viewed_docs -->
        <test-method is-config="true" signature="initVerify()[pri:0, instance:com.sentieo.docsearch.DocSearchRestApi@4e096385]" started-at="2022-07-26T13:41:48Z" name="initVerify" finished-at="2022-07-26T13:41:48Z" duration-ms="0" status="PASS">
          <reporter-output>
          </reporter-output>
        </test-method> <!-- initVerify -->
        <test-method signature="remove_broker_request_for_user()[pri:2, instance:com.sentieo.docsearch.DocSearchRestApi@4e096385]" started-at="2022-07-26T13:41:51Z" name="remove_broker_request_for_user" description="removing added broker" finished-at="2022-07-26T13:41:54Z" duration-ms="2176" status="PASS">
          <reporter-output>
          </reporter-output>
        </test-method> <!-- remove_broker_request_for_user -->
        <test-method is-config="true" signature="initVerify()[pri:0, instance:com.sentieo.docsearch.DocSearchRestApi@4e096385]" started-at="2022-07-26T13:41:51Z" name="initVerify" finished-at="2022-07-26T13:41:51Z" duration-ms="0" status="PASS">
          <reporter-output>
          </reporter-output>
        </test-method> <!-- initVerify -->
        <test-method is-config="true" signature="initVerify()[pri:0, instance:com.sentieo.docsearch.DocSearchRestApi@4e096385]" started-at="2022-07-26T13:41:54Z" name="initVerify" finished-at="2022-07-26T13:41:54Z" duration-ms="0" status="PASS">
          <reporter-output>
          </reporter-output>
        </test-method> <!-- initVerify -->
        <test-method signature="fetch_my_broker_requests1()[pri:3, instance:com.sentieo.docsearch.DocSearchRestApi@4e096385]" started-at="2022-07-26T13:41:54Z" name="fetch_my_broker_requests1" description="verifying availability of removed broker in my broker info" finished-at="2022-07-26T13:41:55Z" duration-ms="1432" status="PASS">
          <reporter-output>
          </reporter-output>
        </test-method> <!-- fetch_my_broker_requests1 -->
      </class> <!-- com.sentieo.docsearch.DocSearchRestApi -->
    </test> <!-- sentieo-tests -->
  </suite> <!-- Sentieo tests -->
</testng-results>
