<?xml version="1.0" encoding="UTF-8"?>
<!-- Generated by org.testng.reporters.JUnitXMLReporter -->
<testsuite ignored="1" hostname="LAPTOP-PS0IUFAF" failures="0" tests="103" name="sentieo-tests" time="209.488" errors="0" timestamp="26 Jul 2022 13:41:55 GMT">
  <testcase classname="com.sentieo.docsearch.DocSearchRestApi" name="add_broker_request_for_user" time="2.475"/>
  <testcase classname="com.sentieo.docsearch.DocSearchRestApi" name="bulk_download" time="1.514"/>
  <testcase classname="com.sentieo.docsearch.DocSearchRestApi" name="fetch_all_research_brokers" time="1.803"/>
  <testcase classname="com.sentieo.docsearch.DocSearchRestApi" name="fetch_broker_manager_data" time="2.141"/>
  <testcase classname="com.sentieo.docsearch.DocSearchRestApi" name="fetch_custom_doc_diff" time="3.567"/>
  <testcase classname="com.sentieo.docsearch.DocSearchRestApi" name="fetch_docs_meta_data" time="1.6"/>
  <testcase classname="com.sentieo.docsearch.DocSearchRestApi" name="fetch_document_note_info" time="3.53"/>
  <testcase classname="com.sentieo.docsearch.DocSearchRestApi" name="fetch_exhibits" time="1.551"/>
  <testcase classname="com.sentieo.docsearch.DocSearchRestApi" name="fetch_file_content" time="5.028"/>
  <testcase classname="com.sentieo.docsearch.DocSearchRestApi" name="fetch_files_meta_data" time="1.425"/>
  <testcase classname="com.sentieo.docsearch.DocSearchRestApi" name="fetch_impact_score" time="1.523"/>
  <testcase classname="com.sentieo.docsearch.DocSearchRestApi" name="fetch_landing_page_data" time="1.856"/>
  <testcase classname="com.sentieo.docsearch.DocSearchRestApi" name="fetch_note_doc" time="1.518"/>
  <testcase classname="com.sentieo.docsearch.DocSearchRestApi" name="fetch_note_search" time="0.002"/>
  <testcase classname="com.sentieo.docsearch.DocSearchRestApi" name="fetch_pagelink" time="1.616"/>
  <testcase classname="com.sentieo.docsearch.DocSearchRestApi" name="fetch_pdf_flag" time="1.433"/>
  <testcase classname="com.sentieo.docsearch.DocSearchRestApi" name="fetch_search_filters" time="3.975"/>
  <testcase classname="com.sentieo.docsearch.DocSearchRestApi" name="fetch_search_settings" time="1.496"/>
  <testcase classname="com.sentieo.docsearch.DocSearchRestApi" name="fetch_search_term_count" time="1.758"/>
  <testcase classname="com.sentieo.docsearch.DocSearchRestApi" name="fetch_sections" time="1.414"/>
  <testcase classname="com.sentieo.docsearch.DocSearchRestApi" name="fetch_snippets" time="2.634"/>
  <testcase classname="com.sentieo.docsearch.DocSearchRestApi" name="fetch_transform_doc_content" time="1.744"/>
  <testcase classname="com.sentieo.docsearch.DocSearchRestApi" name="fetch_transform_note_content" time="0.002"/>
  <testcase classname="com.sentieo.docsearch.DocSearchRestApi" name="fetch_user_entitled_brokers" time="1.732"/>
  <testcase classname="com.sentieo.docsearch.DocSearchRestApi" name="fetchnotefilters" time="1.873"/>
  <testcase classname="com.sentieo.docsearch.DocSearchRestApi" name="fetchsavedfilters" time="1.473"/>
  <testcase classname="com.sentieo.docsearch.DocSearchRestApi" name="fetchsearchlibrary" time="1.809"/>
  <testcase classname="com.sentieo.docsearch.DocSearchRestApi" name="get_bulk_download_doc" time="1.52"/>
  <testcase classname="com.sentieo.docsearch.DocSearchRestApi" name="get_doc_pdf" time="5.573"/>
  <testcase classname="com.sentieo.docsearch.DocSearchRestApi" name="get_doc_pdf" time="3.0"/>
  <testcase classname="com.sentieo.docsearch.DocSearchRestApi" name="get_doc_pdf" time="2.347"/>
  <testcase classname="com.sentieo.docsearch.DocSearchRestApi" name="get_doc_pdf" time="2.445"/>
  <testcase classname="com.sentieo.docsearch.DocSearchRestApi" name="get_docnote_pdf" time="1.896"/>
  <testcase classname="com.sentieo.docsearch.DocSearchRestApi" name="get_user_downloaded_docs_status" time="1.602"/>
  <testcase classname="com.sentieo.docsearch.DocSearchRestApi" name="index_user_viewed_doc" time="1.507"/>
  <testcase classname="com.sentieo.docsearch.DocSearchRestApi" name="perform_user_save_search" time="1.629"/>
  <testcase classname="com.sentieo.docsearch.DocSearchRestApi" name="query_suggest_autocomplete" time="1.461"/>
  <testcase classname="com.sentieo.docsearch.DocSearchRestApi" name="query_suggest_autocomplete" time="1.432"/>
  <testcase classname="com.sentieo.docsearch.DocSearchRestApi" name="ra__unsubscribe_feed" time="1.477"/>
  <testcase classname="com.sentieo.docsearch.DocSearchRestApi" name="request_feed" time="1.412"/>
  <testcase classname="com.sentieo.docsearch.DocSearchRestApi" name="update_feed" time="1.549"/>
  <testcase classname="com.sentieo.docsearch.DocSearchRestApi" name="user_load_search" time="3.179"/>
  <testcase classname="com.sentieo.docsearch.DocSearchRestApi" name="user_saved_search_data_load" time="3.434"/>
  <testcase classname="com.sentieo.docsearch.DocSearchRestApi" name="user_saved_search_delete" time="1.644"/>
  <testcase classname="com.sentieo.docsearch.DocumentSearch" name="docsearch_context_filter" time="1.741"/>
  <testcase classname="com.sentieo.docsearch.DocumentSearch" name="docsearch_customdate_filter" time="1.776"/>
  <testcase classname="com.sentieo.docsearch.DocumentSearch" name="docsearch_customdate_filter" time="1.724"/>
  <testcase classname="com.sentieo.docsearch.DocumentSearch" name="docsearch_language_filter" time="1.657"/>
  <testcase classname="com.sentieo.docsearch.DocumentSearch" name="docsearch_language_filter" time="1.824"/>
  <testcase classname="com.sentieo.docsearch.DocumentSearch" name="docsearch_region_filter" time="1.729"/>
  <testcase classname="com.sentieo.docsearch.DocumentSearch" name="docsearch_sector_filter" time="1.834"/>
  <testcase classname="com.sentieo.docsearch.DocumentSearch" name="docsearch_sector_filter" time="1.664"/>
  <testcase classname="com.sentieo.docsearch.DocumentSearch" name="fetchsearch_doctype" time="1.766"/>
  <testcase classname="com.sentieo.docsearch.DocumentSearch" name="fetchsearch_doctype" time="1.773"/>
  <testcase classname="com.sentieo.docsearch.DocumentSearch" name="fetchsearch_doctype" time="1.769"/>
  <testcase classname="com.sentieo.docsearch.DocumentSearch" name="fetchsearch_doctype" time="1.672"/>
  <testcase classname="com.sentieo.docsearch.DocumentSearch" name="fetchsearch_doctype" time="2.067"/>
  <testcase classname="com.sentieo.docsearch.DocumentSearch" name="fetchsearch_doctype" time="1.736"/>
  <testcase classname="com.sentieo.docsearch.DocumentSearch" name="fetchsearch_doctype" time="1.761"/>
  <testcase classname="com.sentieo.docsearch.DocumentSearch" name="fetchsearch_doctype" time="2.034"/>
  <testcase classname="com.sentieo.docsearch.DocumentSearch" name="fetchsearch_doctype" time="1.714"/>
  <testcase classname="com.sentieo.docsearch.DocumentSearch" name="fetchsearch_doctype" time="1.723"/>
  <testcase classname="com.sentieo.docsearch.DocumentSearch" name="fetchsearch_doctype" time="2.41"/>
  <testcase classname="com.sentieo.docsearch.DocumentSearch" name="fetchsearch_doctype" time="0.001"/>
  <testcase classname="com.sentieo.docsearch.DocumentSearch" name="fetchsearch_nodoc_1" time="2.062"/>
  <testcase classname="com.sentieo.docsearch.DocumentSearch" name="fetchsearch_nodoc_2" time="2.231"/>
  <testcase classname="com.sentieo.docsearch.DocumentSearch" name="fetchsearch_nodoc_4" time="2.043"/>
  <testcase classname="com.sentieo.docsearch.DocumentSearch" name="fetchsearch_nodoc_5" time="7.019"/>
  <testcase classname="com.sentieo.docsearch.DocumentSearch" name="fetchsearch_nodoc_6" time="3.038"/>
  <testcase classname="com.sentieo.docsearch.DocumentSearch" name="fetchsearch_nodoc_7" time="5.78"/>
  <testcase classname="com.sentieo.docsearch.DocumentSearch" name="fetchsearch_nodoc_8" time="1.596"/>
  <testcase classname="com.sentieo.docsearch.DocumentSearch" name="fetchsearch_nodoc_9" time="1.753"/>
  <testcase classname="com.sentieo.docsearch.DocumentSearch" name="test_doctype_query" time="1.72"/>
  <testcase classname="com.sentieo.docsearch.DocumentSearch" name="test_doctype_query" time="1.837"/>
  <testcase classname="com.sentieo.docsearch.DocumentSearch" name="test_doctype_query" time="1.848"/>
  <testcase classname="com.sentieo.docsearch.DocumentSearch" name="test_doctype_query" time="1.777"/>
  <testcase classname="com.sentieo.docsearch.DocumentSearch" name="test_doctype_query" time="1.831"/>
  <testcase classname="com.sentieo.docsearch.DocumentSearch" name="test_doctype_query" time="1.81"/>
  <testcase classname="com.sentieo.docsearch.DocumentSearch" name="test_doctype_query" time="1.844"/>
  <testcase classname="com.sentieo.docsearch.DocumentSearch" name="test_doctype_query" time="1.758"/>
  <testcase classname="com.sentieo.docsearch.DocumentSearch" name="test_doctype_query" time="2.601"/>
  <testcase classname="com.sentieo.docsearch.DocumentSearch" name="test_doctype_query_mobile" time="1.935"/>
  <testcase classname="com.sentieo.docsearch.DocumentSearch" name="test_doctype_query_mobile" time="1.969"/>
  <testcase classname="com.sentieo.docsearch.DocumentSearch" name="test_doctype_query_mobile" time="1.996"/>
  <testcase classname="com.sentieo.docsearch.DocumentSearch" name="test_doctype_query_mobile" time="1.796"/>
  <testcase classname="com.sentieo.docsearch.DocumentSearch" name="test_doctype_query_mobile" time="1.768"/>
  <testcase classname="com.sentieo.docsearch.DocumentSearch" name="test_doctype_query_mobile" time="1.879"/>
  <testcase classname="com.sentieo.docsearch.DocumentSearch" name="test_doctype_query_mobile" time="1.919"/>
  <testcase classname="com.sentieo.docsearch.DocumentSearch" name="test_doctype_query_mobile" time="1.819"/>
  <testcase classname="com.sentieo.docsearch.DocumentSearch" name="test_doctype_query_mobile" time="2.294"/>
  <testcase classname="com.sentieo.docsearch.DocumentSearch" name="test_doctype_watchlist" time="2.242"/>
  <testcase classname="com.sentieo.docsearch.DocumentSearch" name="test_invalid_filters" time="1.546"/>
  <testcase classname="com.sentieo.docsearch.DocumentSearch" name="test_invalid_filters" time="1.481"/>
  <testcase classname="com.sentieo.docsearch.DocumentSearch" name="test_invalid_filters" time="1.531"/>
  <testcase classname="com.sentieo.docsearch.DocumentSearch" name="test_invalid_filters" time="1.504"/>
  <testcase classname="com.sentieo.docsearch.DocumentSearch" name="test_invalid_filters_mobile" time="1.477"/>
  <testcase classname="com.sentieo.docsearch.DocumentSearch" name="test_invalid_filters_mobile" time="1.542"/>
  <testcase classname="com.sentieo.docsearch.DocumentSearch" name="test_invalid_filters_mobile" time="1.497"/>
  <testcase classname="com.sentieo.docsearch.DocumentSearch" name="test_invalid_filters_mobile" time="1.486"/>
  <testcase classname="com.sentieo.docsearch.DocSearchRestApi" name="fetch_my_broker_requests" time="1.469"/>
  <testcase classname="com.sentieo.docsearch.DocSearchRestApi" name="fetch_user_viewed_docs" time="3.212"/>
  <testcase classname="com.sentieo.docsearch.DocSearchRestApi" name="remove_broker_request_for_user" time="2.176"/>
  <testcase classname="com.sentieo.docsearch.DocSearchRestApi" name="fetch_my_broker_requests1" time="1.432"/>
  <testcase classname="com.sentieo.rest.base.APIDriver" name="@BeforeSuite login" time="0.0">
    <ignored/>
  </testcase> <!-- @BeforeSuite login -->
</testsuite> <!-- sentieo-tests -->
